<?xml version="1.0" encoding="UTF-8"?>
<TestRun id="c449d7f2-0095-416f-9683-8e4c99776a72" name="Mathilde Maison@WIN-FK27F0CV16L 2013-03-10 17:28:04" runUser="WIN-FK27F0CV16L\Mathilde Maison" xmlns="http://microsoft.com/schemas/VisualStudio/TeamTest/2010">
  <TestSettings name="Local" id="964a3fb8-e917-4ad7-862c-0ef62600ef40">
    <Description>Il s'agit des paramètres de test par défaut pour une série de tests locale.</Description>
    <Deployment enabled="false" runDeploymentRoot="Mathilde Maison_WIN-FK27F0CV16L 2013-03-10 17_28_04">
      <DeploymentItem filename="C:\Atelier3\Atelier3\bin\Debug\Atelier3.exe" />
      <DeploymentItem filename="C:\Atelier3\SoccerRankingLib\bin\Debug\SoccerRankingLib.dll" />
      <DeploymentItem filename="C:\Atelier3\Lib\bin\Debug\Lib.dll" />
    </Deployment>
    <Execution>
      <TestTypeSpecific />
      <AgentRule name="Execution Agents">
      </AgentRule>
    </Execution>
  </TestSettings>
  <Times creation="2013-03-10T17:28:04.2144997+01:00" queuing="2013-03-10T17:28:04.2554997+01:00" start="2013-03-10T17:28:04.2844997+01:00" finish="2013-03-10T17:28:07.1384997+01:00" />
  <ResultSummary outcome="Failed">
    <Counters total="17" executed="17" passed="12" error="0" failed="3" timeout="0" aborted="0" inconclusive="2" passedButRunAborted="0" notRunnable="0" notExecuted="0" disconnected="0" warning="0" completed="0" inProgress="0" pending="0" />
  </ResultSummary>
  <TestDefinitions>
    <UnitTest name="FrenchLeague1PointSystem_PointTotalConstructorTest" storage="c:\atelier3\frenchleaguetest\bin\debug\frenchleaguetest.dll" id="a282ba80-dfb9-5079-0ed6-0f9e78f56075">
      <Execution id="41b86004-ee49-466d-bb31-b98bbffc0dce" />
      <TestMethod codeBase="C:/Atelier3/FrenchLeagueTest/bin/Debug/FrenchLeagueTest.DLL" adapterTypeName="Microsoft.VisualStudio.TestTools.TestTypes.Unit.UnitTestAdapter, Microsoft.VisualStudio.QualityTools.Tips.UnitTest.Adapter, Version=10.0.0.0, Culture=neutral, PublicKeyToken=b03f5f7f11d50a3a" className="FrenchLeagueTest.FrenchLeague1PointSystem_PointTotalTest, FrenchLeagueTest, Version=1.0.0.0, Culture=neutral, PublicKeyToken=null" name="FrenchLeague1PointSystem_PointTotalConstructorTest" />
    </UnitTest>
    <UnitTest name="ToStringTest" storage="c:\atelier3\testlib\bin\debug\testlib.dll" id="8ccd64cc-b635-9759-0fd0-44c225be0f93">
      <Execution id="c485bfb6-ff99-44d9-b321-e0142d1c38a0" />
      <TestMethod codeBase="C:/Atelier3/TestLib/bin/Debug/TestLib.DLL" adapterTypeName="Microsoft.VisualStudio.TestTools.TestTypes.Unit.UnitTestAdapter, Microsoft.VisualStudio.QualityTools.Tips.UnitTest.Adapter, Version=10.0.0.0, Culture=neutral, PublicKeyToken=b03f5f7f11d50a3a" className="TestLib.ClubTest, TestLib, Version=1.0.0.0, Culture=neutral, PublicKeyToken=null" name="ToStringTest" />
    </UnitTest>
    <UnitTest name="isHomeForfaitTest" storage="c:\atelier3\testlib\bin\debug\testlib.dll" id="15aa387b-d797-9a10-ac96-f9f5828fde23">
      <Execution id="40b78a64-42d2-4b71-99f6-7cd257d3786d" />
      <TestMethod codeBase="C:/Atelier3/TestLib/bin/Debug/TestLib.DLL" adapterTypeName="Microsoft.VisualStudio.TestTools.TestTypes.Unit.UnitTestAdapter, Microsoft.VisualStudio.QualityTools.Tips.UnitTest.Adapter, Version=10.0.0.0, Culture=neutral, PublicKeyToken=b03f5f7f11d50a3a" className="TestLib.MatchTest, TestLib, Version=1.0.0.0, Culture=neutral, PublicKeyToken=null" name="isHomeForfaitTest" />
    </UnitTest>
    <UnitTest name="HomeGoalsTest" storage="c:\atelier3\testlib\bin\debug\testlib.dll" id="8f21de7f-e6ed-dea1-95c4-5748718260ef">
      <Execution id="c672f8b2-b78e-46c2-8601-73ac4f706c47" />
      <TestMethod codeBase="C:/Atelier3/TestLib/bin/Debug/TestLib.DLL" adapterTypeName="Microsoft.VisualStudio.TestTools.TestTypes.Unit.UnitTestAdapter, Microsoft.VisualStudio.QualityTools.Tips.UnitTest.Adapter, Version=10.0.0.0, Culture=neutral, PublicKeyToken=b03f5f7f11d50a3a" className="TestLib.MatchTest, TestLib, Version=1.0.0.0, Culture=neutral, PublicKeyToken=null" name="HomeGoalsTest" />
    </UnitTest>
    <UnitTest name="AwayTest" storage="c:\atelier3\testlib\bin\debug\testlib.dll" id="1ed9e0b8-b917-981f-1adf-4d3988eb679a">
      <Execution id="e7c0d489-fbf2-4b96-a551-d591b4590736" />
      <TestMethod codeBase="C:/Atelier3/TestLib/bin/Debug/TestLib.DLL" adapterTypeName="Microsoft.VisualStudio.TestTools.TestTypes.Unit.UnitTestAdapter, Microsoft.VisualStudio.QualityTools.Tips.UnitTest.Adapter, Version=10.0.0.0, Culture=neutral, PublicKeyToken=b03f5f7f11d50a3a" className="TestLib.MatchTest, TestLib, Version=1.0.0.0, Culture=neutral, PublicKeyToken=null" name="AwayTest" />
    </UnitTest>
    <UnitTest name="HomeTest" storage="c:\atelier3\testlib\bin\debug\testlib.dll" id="cf74f09b-0c62-461e-813a-423683b12a7e">
      <Execution id="daa0170b-4547-4d9c-8ac3-3085710b40bc" />
      <TestMethod codeBase="C:/Atelier3/TestLib/bin/Debug/TestLib.DLL" adapterTypeName="Microsoft.VisualStudio.TestTools.TestTypes.Unit.UnitTestAdapter, Microsoft.VisualStudio.QualityTools.Tips.UnitTest.Adapter, Version=10.0.0.0, Culture=neutral, PublicKeyToken=b03f5f7f11d50a3a" className="TestLib.MatchTest, TestLib, Version=1.0.0.0, Culture=neutral, PublicKeyToken=null" name="HomeTest" />
    </UnitTest>
    <UnitTest name="IncrementTest" storage="c:\atelier3\frenchleaguetest\bin\debug\frenchleaguetest.dll" id="38b14273-9678-e070-b533-f0c1007d4d3b">
      <Execution id="7060aad8-d3a9-4f95-92c0-65c16eda31ca" />
      <TestMethod codeBase="C:/Atelier3/FrenchLeagueTest/bin/Debug/FrenchLeagueTest.DLL" adapterTypeName="Microsoft.VisualStudio.TestTools.TestTypes.Unit.UnitTestAdapter, Microsoft.VisualStudio.QualityTools.Tips.UnitTest.Adapter, Version=10.0.0.0, Culture=neutral, PublicKeyToken=b03f5f7f11d50a3a" className="FrenchLeagueTest.FrenchLeague1PointSystem_PointTotalTest, FrenchLeagueTest, Version=1.0.0.0, Culture=neutral, PublicKeyToken=null" name="IncrementTest" />
    </UnitTest>
    <UnitTest name="IsAwayForfeitTest" storage="c:\atelier3\testlib\bin\debug\testlib.dll" id="b37b4a3e-f19e-d63a-58cf-b36a289255bd">
      <Execution id="6abca7e0-e188-43c8-bbc6-ef466c1ff50c" />
      <TestMethod codeBase="C:/Atelier3/TestLib/bin/Debug/TestLib.DLL" adapterTypeName="Microsoft.VisualStudio.TestTools.TestTypes.Unit.UnitTestAdapter, Microsoft.VisualStudio.QualityTools.Tips.UnitTest.Adapter, Version=10.0.0.0, Culture=neutral, PublicKeyToken=b03f5f7f11d50a3a" className="TestLib.MatchTest, TestLib, Version=1.0.0.0, Culture=neutral, PublicKeyToken=null" name="IsAwayForfeitTest" />
    </UnitTest>
    <UnitTest name="InstanceTest" storage="c:\atelier3\frenchleaguetest\bin\debug\frenchleaguetest.dll" id="e997e89f-756b-48be-4ab1-f0802423396a">
      <Execution id="1692aa36-32d6-4083-a0a9-4528421fc504" />
      <TestMethod codeBase="C:/Atelier3/FrenchLeagueTest/bin/Debug/FrenchLeagueTest.DLL" adapterTypeName="Microsoft.VisualStudio.TestTools.TestTypes.Unit.UnitTestAdapter, Microsoft.VisualStudio.QualityTools.Tips.UnitTest.Adapter, Version=10.0.0.0, Culture=neutral, PublicKeyToken=b03f5f7f11d50a3a" className="FrenchLeagueTest.FrenchLeague1PointSystemTest, FrenchLeagueTest, Version=1.0.0.0, Culture=neutral, PublicKeyToken=null" name="InstanceTest" />
    </UnitTest>
    <UnitTest name="MatchConstructorTest" storage="c:\atelier3\testlib\bin\debug\testlib.dll" id="712b1bb1-36fa-ee91-72c9-ed3069e025e6">
      <Execution id="da2c597a-9086-4c1a-86b7-1abce230c4f5" />
      <TestMethod codeBase="C:/Atelier3/TestLib/bin/Debug/TestLib.DLL" adapterTypeName="Microsoft.VisualStudio.TestTools.TestTypes.Unit.UnitTestAdapter, Microsoft.VisualStudio.QualityTools.Tips.UnitTest.Adapter, Version=10.0.0.0, Culture=neutral, PublicKeyToken=b03f5f7f11d50a3a" className="TestLib.MatchTest, TestLib, Version=1.0.0.0, Culture=neutral, PublicKeyToken=null" name="MatchConstructorTest" />
    </UnitTest>
    <UnitTest name="MatchConstructorTest1" storage="c:\atelier3\testlib\bin\debug\testlib.dll" id="60f2211b-2c11-d413-6cbd-8c9306c8eb14">
      <Execution id="3f00b396-76f2-4ac8-b1d4-9bcd476544a9" />
      <TestMethod codeBase="C:/Atelier3/TestLib/bin/Debug/TestLib.DLL" adapterTypeName="Microsoft.VisualStudio.TestTools.TestTypes.Unit.UnitTestAdapter, Microsoft.VisualStudio.QualityTools.Tips.UnitTest.Adapter, Version=10.0.0.0, Culture=neutral, PublicKeyToken=b03f5f7f11d50a3a" className="TestLib.MatchTest, TestLib, Version=1.0.0.0, Culture=neutral, PublicKeyToken=null" name="MatchConstructorTest1" />
    </UnitTest>
    <UnitTest name="GetPointsFromMatchTest" storage="c:\atelier3\frenchleaguetest\bin\debug\frenchleaguetest.dll" id="e62e383d-4e73-7eaf-4470-9b9244b097ff">
      <Execution id="db9e09ad-a20e-431b-8817-cfd0f3c3c15a" />
      <TestMethod codeBase="C:/Atelier3/FrenchLeagueTest/bin/Debug/FrenchLeagueTest.DLL" adapterTypeName="Microsoft.VisualStudio.TestTools.TestTypes.Unit.UnitTestAdapter, Microsoft.VisualStudio.QualityTools.Tips.UnitTest.Adapter, Version=10.0.0.0, Culture=neutral, PublicKeyToken=b03f5f7f11d50a3a" className="FrenchLeagueTest.FrenchLeague1PointSystemTest, FrenchLeagueTest, Version=1.0.0.0, Culture=neutral, PublicKeyToken=null" name="GetPointsFromMatchTest" />
    </UnitTest>
    <UnitTest name="CompareToTest" storage="c:\atelier3\frenchleaguetest\bin\debug\frenchleaguetest.dll" id="7d29269b-8409-51cd-5f17-ede6bd48c530">
      <Execution id="4b987720-7097-40c7-9358-179d364fb67f" />
      <TestMethod codeBase="C:/Atelier3/FrenchLeagueTest/bin/Debug/FrenchLeagueTest.DLL" adapterTypeName="Microsoft.VisualStudio.TestTools.TestTypes.Unit.UnitTestAdapter, Microsoft.VisualStudio.QualityTools.Tips.UnitTest.Adapter, Version=10.0.0.0, Culture=neutral, PublicKeyToken=b03f5f7f11d50a3a" className="FrenchLeagueTest.FrenchLeague1PointSystem_PointTotalTest, FrenchLeagueTest, Version=1.0.0.0, Culture=neutral, PublicKeyToken=null" name="CompareToTest" />
    </UnitTest>
    <UnitTest name="AwayGoalsTest" storage="c:\atelier3\testlib\bin\debug\testlib.dll" id="194936c4-fe2b-2b9f-b4b2-066396265d61">
      <Execution id="1ea637cb-1117-4f4b-94f4-ccfb3529b2ee" />
      <TestMethod codeBase="C:/Atelier3/TestLib/bin/Debug/TestLib.DLL" adapterTypeName="Microsoft.VisualStudio.TestTools.TestTypes.Unit.UnitTestAdapter, Microsoft.VisualStudio.QualityTools.Tips.UnitTest.Adapter, Version=10.0.0.0, Culture=neutral, PublicKeyToken=b03f5f7f11d50a3a" className="TestLib.MatchTest, TestLib, Version=1.0.0.0, Culture=neutral, PublicKeyToken=null" name="AwayGoalsTest" />
    </UnitTest>
    <UnitTest name="ClubConstructorTest" storage="c:\atelier3\testlib\bin\debug\testlib.dll" id="fb20f93f-ac1d-bdac-90f8-b409b3174262">
      <Execution id="0c1af87d-6822-44e2-8e50-6ee4fabd6262" />
      <TestMethod codeBase="C:/Atelier3/TestLib/bin/Debug/TestLib.DLL" adapterTypeName="Microsoft.VisualStudio.TestTools.TestTypes.Unit.UnitTestAdapter, Microsoft.VisualStudio.QualityTools.Tips.UnitTest.Adapter, Version=10.0.0.0, Culture=neutral, PublicKeyToken=b03f5f7f11d50a3a" className="TestLib.ClubTest, TestLib, Version=1.0.0.0, Culture=neutral, PublicKeyToken=null" name="ClubConstructorTest" />
    </UnitTest>
    <UnitTest name="isDrawTest" storage="c:\atelier3\testlib\bin\debug\testlib.dll" id="f1c00562-9ca6-f0a2-2ac5-2229cd1f8c73">
      <Execution id="761d0daf-f4aa-4177-b8c6-6862d0148c5f" />
      <TestMethod codeBase="C:/Atelier3/TestLib/bin/Debug/TestLib.DLL" adapterTypeName="Microsoft.VisualStudio.TestTools.TestTypes.Unit.UnitTestAdapter, Microsoft.VisualStudio.QualityTools.Tips.UnitTest.Adapter, Version=10.0.0.0, Culture=neutral, PublicKeyToken=b03f5f7f11d50a3a" className="TestLib.MatchTest, TestLib, Version=1.0.0.0, Culture=neutral, PublicKeyToken=null" name="isDrawTest" />
    </UnitTest>
    <UnitTest name="InitialPointsTest" storage="c:\atelier3\frenchleaguetest\bin\debug\frenchleaguetest.dll" id="a180326a-0f9a-f5a3-267c-5b83149e619a">
      <Execution id="5c445213-954a-48fd-a91e-81620484c26a" />
      <TestMethod codeBase="C:/Atelier3/FrenchLeagueTest/bin/Debug/FrenchLeagueTest.DLL" adapterTypeName="Microsoft.VisualStudio.TestTools.TestTypes.Unit.UnitTestAdapter, Microsoft.VisualStudio.QualityTools.Tips.UnitTest.Adapter, Version=10.0.0.0, Culture=neutral, PublicKeyToken=b03f5f7f11d50a3a" className="FrenchLeagueTest.FrenchLeague1PointSystemTest, FrenchLeagueTest, Version=1.0.0.0, Culture=neutral, PublicKeyToken=null" name="InitialPointsTest" />
    </UnitTest>
  </TestDefinitions>
  <TestLists>
    <TestList name="Les résultats ne figurent pas dans une liste" id="8c84fa94-04c1-424b-9868-57a2d4851a1d" />
    <TestList name="Tous les résultats chargés" id="19431567-8539-422a-85d7-44ee4e166bda" />
  </TestLists>
  <TestEntries>
    <TestEntry testId="15aa387b-d797-9a10-ac96-f9f5828fde23" executionId="40b78a64-42d2-4b71-99f6-7cd257d3786d" testListId="8c84fa94-04c1-424b-9868-57a2d4851a1d" />
    <TestEntry testId="194936c4-fe2b-2b9f-b4b2-066396265d61" executionId="1ea637cb-1117-4f4b-94f4-ccfb3529b2ee" testListId="8c84fa94-04c1-424b-9868-57a2d4851a1d" />
    <TestEntry testId="1ed9e0b8-b917-981f-1adf-4d3988eb679a" executionId="e7c0d489-fbf2-4b96-a551-d591b4590736" testListId="8c84fa94-04c1-424b-9868-57a2d4851a1d" />
    <TestEntry testId="38b14273-9678-e070-b533-f0c1007d4d3b" executionId="7060aad8-d3a9-4f95-92c0-65c16eda31ca" testListId="8c84fa94-04c1-424b-9868-57a2d4851a1d" />
    <TestEntry testId="60f2211b-2c11-d413-6cbd-8c9306c8eb14" executionId="3f00b396-76f2-4ac8-b1d4-9bcd476544a9" testListId="8c84fa94-04c1-424b-9868-57a2d4851a1d" />
    <TestEntry testId="712b1bb1-36fa-ee91-72c9-ed3069e025e6" executionId="da2c597a-9086-4c1a-86b7-1abce230c4f5" testListId="8c84fa94-04c1-424b-9868-57a2d4851a1d" />
    <TestEntry testId="7d29269b-8409-51cd-5f17-ede6bd48c530" executionId="4b987720-7097-40c7-9358-179d364fb67f" testListId="8c84fa94-04c1-424b-9868-57a2d4851a1d" />
    <TestEntry testId="8ccd64cc-b635-9759-0fd0-44c225be0f93" executionId="c485bfb6-ff99-44d9-b321-e0142d1c38a0" testListId="8c84fa94-04c1-424b-9868-57a2d4851a1d" />
    <TestEntry testId="8f21de7f-e6ed-dea1-95c4-5748718260ef" executionId="c672f8b2-b78e-46c2-8601-73ac4f706c47" testListId="8c84fa94-04c1-424b-9868-57a2d4851a1d" />
    <TestEntry testId="a180326a-0f9a-f5a3-267c-5b83149e619a" executionId="5c445213-954a-48fd-a91e-81620484c26a" testListId="8c84fa94-04c1-424b-9868-57a2d4851a1d" />
    <TestEntry testId="a282ba80-dfb9-5079-0ed6-0f9e78f56075" executionId="41b86004-ee49-466d-bb31-b98bbffc0dce" testListId="8c84fa94-04c1-424b-9868-57a2d4851a1d" />
    <TestEntry testId="b37b4a3e-f19e-d63a-58cf-b36a289255bd" executionId="6abca7e0-e188-43c8-bbc6-ef466c1ff50c" testListId="8c84fa94-04c1-424b-9868-57a2d4851a1d" />
    <TestEntry testId="cf74f09b-0c62-461e-813a-423683b12a7e" executionId="daa0170b-4547-4d9c-8ac3-3085710b40bc" testListId="8c84fa94-04c1-424b-9868-57a2d4851a1d" />
    <TestEntry testId="e62e383d-4e73-7eaf-4470-9b9244b097ff" executionId="db9e09ad-a20e-431b-8817-cfd0f3c3c15a" testListId="8c84fa94-04c1-424b-9868-57a2d4851a1d" />
    <TestEntry testId="e997e89f-756b-48be-4ab1-f0802423396a" executionId="1692aa36-32d6-4083-a0a9-4528421fc504" testListId="8c84fa94-04c1-424b-9868-57a2d4851a1d" />
    <TestEntry testId="f1c00562-9ca6-f0a2-2ac5-2229cd1f8c73" executionId="761d0daf-f4aa-4177-b8c6-6862d0148c5f" testListId="8c84fa94-04c1-424b-9868-57a2d4851a1d" />
    <TestEntry testId="fb20f93f-ac1d-bdac-90f8-b409b3174262" executionId="0c1af87d-6822-44e2-8e50-6ee4fabd6262" testListId="8c84fa94-04c1-424b-9868-57a2d4851a1d" />
  </TestEntries>
  <Results>
    <UnitTestResult executionId="40b78a64-42d2-4b71-99f6-7cd257d3786d" testId="15aa387b-d797-9a10-ac96-f9f5828fde23" testName="isHomeForfaitTest" computerName="WIN-FK27F0CV16L" duration="00:00:00.3350460" startTime="2013-03-10T17:28:04.3134997+01:00" endTime="2013-03-10T17:28:05.4294997+01:00" testType="13cdc9d9-ddb5-4fa4-a97d-d965ccfc6d4b" outcome="Passed" testListId="8c84fa94-04c1-424b-9868-57a2d4851a1d" relativeResultsDirectory="40b78a64-42d2-4b71-99f6-7cd257d3786d">
    </UnitTestResult>
    <UnitTestResult executionId="1ea637cb-1117-4f4b-94f4-ccfb3529b2ee" testId="194936c4-fe2b-2b9f-b4b2-066396265d61" testName="AwayGoalsTest" computerName="WIN-FK27F0CV16L" duration="00:00:00.0004499" startTime="2013-03-10T17:28:05.4314997+01:00" endTime="2013-03-10T17:28:05.4394997+01:00" testType="13cdc9d9-ddb5-4fa4-a97d-d965ccfc6d4b" outcome="Passed" testListId="8c84fa94-04c1-424b-9868-57a2d4851a1d" relativeResultsDirectory="1ea637cb-1117-4f4b-94f4-ccfb3529b2ee">
    </UnitTestResult>
    <UnitTestResult executionId="e7c0d489-fbf2-4b96-a551-d591b4590736" testId="1ed9e0b8-b917-981f-1adf-4d3988eb679a" testName="AwayTest" computerName="WIN-FK27F0CV16L" duration="00:00:00.0005723" startTime="2013-03-10T17:28:05.4414997+01:00" endTime="2013-03-10T17:28:05.4474997+01:00" testType="13cdc9d9-ddb5-4fa4-a97d-d965ccfc6d4b" outcome="Passed" testListId="8c84fa94-04c1-424b-9868-57a2d4851a1d" relativeResultsDirectory="e7c0d489-fbf2-4b96-a551-d591b4590736">
    </UnitTestResult>
    <UnitTestResult executionId="7060aad8-d3a9-4f95-92c0-65c16eda31ca" testId="38b14273-9678-e070-b533-f0c1007d4d3b" testName="IncrementTest" computerName="WIN-FK27F0CV16L" duration="00:00:00.0913570" startTime="2013-03-10T17:28:05.4494997+01:00" endTime="2013-03-10T17:28:05.8674997+01:00" testType="13cdc9d9-ddb5-4fa4-a97d-d965ccfc6d4b" outcome="Failed" testListId="8c84fa94-04c1-424b-9868-57a2d4851a1d" relativeResultsDirectory="7060aad8-d3a9-4f95-92c0-65c16eda31ca">
      <Output>
        <ErrorInfo>
          <Message>La méthode de test FrenchLeagueTest.FrenchLeague1PointSystem_PointTotalTest.IncrementTest a levé une exception : 
System.NullReferenceException: La référence d'objet n'est pas définie à une instance d'un objet.</Message>
          <StackTrace>    à SoccerRankingLib.FrenchLeague1PointSystem.PointTotal.Increment(ITotal with) dans C:\Atelier3\SoccerRankingLib\FrenchLeague1PointSystem.cs:ligne 46
   à FrenchLeagueTest.FrenchLeague1PointSystem_PointTotalTest.IncrementTest() dans C:\Atelier3\FrenchLeagueTest\FrenchLeague1PointSystem_PointTotalTest.cs:ligne 107
</StackTrace>
        </ErrorInfo>
      </Output>
    </UnitTestResult>
    <UnitTestResult executionId="3f00b396-76f2-4ac8-b1d4-9bcd476544a9" testId="60f2211b-2c11-d413-6cbd-8c9306c8eb14" testName="MatchConstructorTest1" computerName="WIN-FK27F0CV16L" duration="00:00:00.0065027" startTime="2013-03-10T17:28:05.8824997+01:00" endTime="2013-03-10T17:28:05.9054997+01:00" testType="13cdc9d9-ddb5-4fa4-a97d-d965ccfc6d4b" outcome="Passed" testListId="8c84fa94-04c1-424b-9868-57a2d4851a1d" relativeResultsDirectory="3f00b396-76f2-4ac8-b1d4-9bcd476544a9">
    </UnitTestResult>
    <UnitTestResult executionId="da2c597a-9086-4c1a-86b7-1abce230c4f5" testId="712b1bb1-36fa-ee91-72c9-ed3069e025e6" testName="MatchConstructorTest" computerName="WIN-FK27F0CV16L" duration="00:00:00.0052231" startTime="2013-03-10T17:28:05.9184997+01:00" endTime="2013-03-10T17:28:05.9294997+01:00" testType="13cdc9d9-ddb5-4fa4-a97d-d965ccfc6d4b" outcome="Passed" testListId="8c84fa94-04c1-424b-9868-57a2d4851a1d" relativeResultsDirectory="da2c597a-9086-4c1a-86b7-1abce230c4f5">
    </UnitTestResult>
    <UnitTestResult executionId="4b987720-7097-40c7-9358-179d364fb67f" testId="7d29269b-8409-51cd-5f17-ede6bd48c530" testName="CompareToTest" computerName="WIN-FK27F0CV16L" duration="00:00:00.0667753" startTime="2013-03-10T17:28:05.9384997+01:00" endTime="2013-03-10T17:28:06.0134997+01:00" testType="13cdc9d9-ddb5-4fa4-a97d-d965ccfc6d4b" outcome="Failed" testListId="8c84fa94-04c1-424b-9868-57a2d4851a1d" relativeResultsDirectory="4b987720-7097-40c7-9358-179d364fb67f">
      <Output>
        <ErrorInfo>
          <Message>La méthode de test FrenchLeagueTest.FrenchLeague1PointSystem_PointTotalTest.CompareToTest a levé une exception : 
System.NullReferenceException: La référence d'objet n'est pas définie à une instance d'un objet.</Message>
          <StackTrace>    à SoccerRankingLib.FrenchLeague1PointSystem.PointTotal.CompareTo(Object obj) dans C:\Atelier3\SoccerRankingLib\FrenchLeague1PointSystem.cs:ligne 41
   à FrenchLeagueTest.FrenchLeague1PointSystem_PointTotalTest.CompareToTest() dans C:\Atelier3\FrenchLeagueTest\FrenchLeague1PointSystem_PointTotalTest.cs:ligne 94
</StackTrace>
        </ErrorInfo>
      </Output>
    </UnitTestResult>
    <UnitTestResult executionId="c485bfb6-ff99-44d9-b321-e0142d1c38a0" testId="8ccd64cc-b635-9759-0fd0-44c225be0f93" testName="ToStringTest" computerName="WIN-FK27F0CV16L" duration="00:00:00.0016128" startTime="2013-03-10T17:28:06.0154997+01:00" endTime="2013-03-10T17:28:06.0504997+01:00" testType="13cdc9d9-ddb5-4fa4-a97d-d965ccfc6d4b" outcome="Passed" testListId="8c84fa94-04c1-424b-9868-57a2d4851a1d" relativeResultsDirectory="c485bfb6-ff99-44d9-b321-e0142d1c38a0">
    </UnitTestResult>
    <UnitTestResult executionId="c672f8b2-b78e-46c2-8601-73ac4f706c47" testId="8f21de7f-e6ed-dea1-95c4-5748718260ef" testName="HomeGoalsTest" computerName="WIN-FK27F0CV16L" duration="00:00:00.0010232" startTime="2013-03-10T17:28:06.0634997+01:00" endTime="2013-03-10T17:28:06.0874997+01:00" testType="13cdc9d9-ddb5-4fa4-a97d-d965ccfc6d4b" outcome="Passed" testListId="8c84fa94-04c1-424b-9868-57a2d4851a1d" relativeResultsDirectory="c672f8b2-b78e-46c2-8601-73ac4f706c47">
    </UnitTestResult>
    <UnitTestResult executionId="5c445213-954a-48fd-a91e-81620484c26a" testId="a180326a-0f9a-f5a3-267c-5b83149e619a" testName="InitialPointsTest" computerName="WIN-FK27F0CV16L" duration="00:00:00.0414322" startTime="2013-03-10T17:28:06.1384997+01:00" endTime="2013-03-10T17:28:06.2334997+01:00" testType="13cdc9d9-ddb5-4fa4-a97d-d965ccfc6d4b" outcome="Inconclusive" testListId="8c84fa94-04c1-424b-9868-57a2d4851a1d" relativeResultsDirectory="5c445213-954a-48fd-a91e-81620484c26a">
      <Output>
        <ErrorInfo>
          <Message>Échec de Assert.Inconclusive. Vérifiez l'exactitude de cette méthode de test.</Message>
          <StackTrace>   à FrenchLeagueTest.FrenchLeague1PointSystemTest.InitialPointsTest() dans C:\Atelier3\FrenchLeagueTest\FrenchLeague1PointSystemTest.cs:ligne 94
</StackTrace>
        </ErrorInfo>
      </Output>
    </UnitTestResult>
    <UnitTestResult executionId="41b86004-ee49-466d-bb31-b98bbffc0dce" testId="a282ba80-dfb9-5079-0ed6-0f9e78f56075" testName="FrenchLeague1PointSystem_PointTotalConstructorTest" computerName="WIN-FK27F0CV16L" duration="00:00:00.0896934" startTime="2013-03-10T17:28:06.2764997+01:00" endTime="2013-03-10T17:28:06.3754997+01:00" testType="13cdc9d9-ddb5-4fa4-a97d-d965ccfc6d4b" outcome="Passed" testListId="8c84fa94-04c1-424b-9868-57a2d4851a1d" relativeResultsDirectory="41b86004-ee49-466d-bb31-b98bbffc0dce">
    </UnitTestResult>
    <UnitTestResult executionId="6abca7e0-e188-43c8-bbc6-ef466c1ff50c" testId="b37b4a3e-f19e-d63a-58cf-b36a289255bd" testName="IsAwayForfeitTest" computerName="WIN-FK27F0CV16L" duration="00:00:00.0429142" startTime="2013-03-10T17:28:06.4094997+01:00" endTime="2013-03-10T17:28:06.5324997+01:00" testType="13cdc9d9-ddb5-4fa4-a97d-d965ccfc6d4b" outcome="Passed" testListId="8c84fa94-04c1-424b-9868-57a2d4851a1d" relativeResultsDirectory="6abca7e0-e188-43c8-bbc6-ef466c1ff50c">
    </UnitTestResult>
    <UnitTestResult executionId="daa0170b-4547-4d9c-8ac3-3085710b40bc" testId="cf74f09b-0c62-461e-813a-423683b12a7e" testName="HomeTest" computerName="WIN-FK27F0CV16L" duration="00:00:00.0009521" startTime="2013-03-10T17:28:06.5654997+01:00" endTime="2013-03-10T17:28:06.6364997+01:00" testType="13cdc9d9-ddb5-4fa4-a97d-d965ccfc6d4b" outcome="Passed" testListId="8c84fa94-04c1-424b-9868-57a2d4851a1d" relativeResultsDirectory="daa0170b-4547-4d9c-8ac3-3085710b40bc">
    </UnitTestResult>
    <UnitTestResult executionId="db9e09ad-a20e-431b-8817-cfd0f3c3c15a" testId="e62e383d-4e73-7eaf-4470-9b9244b097ff" testName="GetPointsFromMatchTest" computerName="WIN-FK27F0CV16L" duration="00:00:00.0422372" startTime="2013-03-10T17:28:06.6704997+01:00" endTime="2013-03-10T17:28:06.7414997+01:00" testType="13cdc9d9-ddb5-4fa4-a97d-d965ccfc6d4b" outcome="Failed" testListId="8c84fa94-04c1-424b-9868-57a2d4851a1d" relativeResultsDirectory="db9e09ad-a20e-431b-8817-cfd0f3c3c15a">
      <Output>
        <ErrorInfo>
          <Message>La méthode de test FrenchLeagueTest.FrenchLeague1PointSystemTest.GetPointsFromMatchTest a levé une exception : 
System.NullReferenceException: La référence d'objet n'est pas définie à une instance d'un objet.</Message>
          <StackTrace>    à SoccerRankingLib.FrenchLeague1PointSystem.PointTotal..ctor(Match m, Boolean home) dans C:\Atelier3\SoccerRankingLib\FrenchLeague1PointSystem.cs:ligne 59
   à SoccerRankingLib.FrenchLeague1PointSystem.GetPointsFromMatch(Match m, Boolean isHome) dans C:\Atelier3\SoccerRankingLib\FrenchLeague1PointSystem.cs:ligne 31
   à FrenchLeagueTest.FrenchLeague1PointSystemTest.GetPointsFromMatchTest() dans C:\Atelier3\FrenchLeagueTest\FrenchLeague1PointSystemTest.cs:ligne 80
</StackTrace>
        </ErrorInfo>
      </Output>
    </UnitTestResult>
    <UnitTestResult executionId="1692aa36-32d6-4083-a0a9-4528421fc504" testId="e997e89f-756b-48be-4ab1-f0802423396a" testName="InstanceTest" computerName="WIN-FK27F0CV16L" duration="00:00:00.0304973" startTime="2013-03-10T17:28:06.7864997+01:00" endTime="2013-03-10T17:28:06.8664997+01:00" testType="13cdc9d9-ddb5-4fa4-a97d-d965ccfc6d4b" outcome="Inconclusive" testListId="8c84fa94-04c1-424b-9868-57a2d4851a1d" relativeResultsDirectory="1692aa36-32d6-4083-a0a9-4528421fc504">
      <Output>
        <ErrorInfo>
          <Message>Échec de Assert.Inconclusive. Vérifiez l'exactitude de cette méthode de test.</Message>
          <StackTrace>   à FrenchLeagueTest.FrenchLeague1PointSystemTest.InstanceTest() dans C:\Atelier3\FrenchLeagueTest\FrenchLeague1PointSystemTest.cs:ligne 106
</StackTrace>
        </ErrorInfo>
      </Output>
    </UnitTestResult>
    <UnitTestResult executionId="761d0daf-f4aa-4177-b8c6-6862d0148c5f" testId="f1c00562-9ca6-f0a2-2ac5-2229cd1f8c73" testName="isDrawTest" computerName="WIN-FK27F0CV16L" duration="00:00:00.0004804" startTime="2013-03-10T17:28:07.0074997+01:00" endTime="2013-03-10T17:28:07.0324997+01:00" testType="13cdc9d9-ddb5-4fa4-a97d-d965ccfc6d4b" outcome="Passed" testListId="8c84fa94-04c1-424b-9868-57a2d4851a1d" relativeResultsDirectory="761d0daf-f4aa-4177-b8c6-6862d0148c5f">
    </UnitTestResult>
    <UnitTestResult executionId="0c1af87d-6822-44e2-8e50-6ee4fabd6262" testId="fb20f93f-ac1d-bdac-90f8-b409b3174262" testName="ClubConstructorTest" computerName="WIN-FK27F0CV16L" duration="00:00:00.0040777" startTime="2013-03-10T17:28:07.0374997+01:00" endTime="2013-03-10T17:28:07.0524997+01:00" testType="13cdc9d9-ddb5-4fa4-a97d-d965ccfc6d4b" outcome="Passed" testListId="8c84fa94-04c1-424b-9868-57a2d4851a1d" relativeResultsDirectory="0c1af87d-6822-44e2-8e50-6ee4fabd6262">
    </UnitTestResult>
  </Results>
</TestRun>