<?xml version="1.0" encoding="UTF-8"?>
<TestRun id="fa13605c-1dd7-41cb-8877-1c50e0ec6bfa" name="Mathilde Maison@WIN-FK27F0CV16L 2013-03-09 20:59:20" runUser="WIN-FK27F0CV16L\Mathilde Maison" xmlns="http://microsoft.com/schemas/VisualStudio/TeamTest/2010">
  <TestSettings name="Local" id="964a3fb8-e917-4ad7-862c-0ef62600ef40">
    <Description>Il s'agit des paramètres de test par défaut pour une série de tests locale.</Description>
    <Deployment enabled="false" runDeploymentRoot="Mathilde Maison_WIN-FK27F0CV16L 2013-03-09 20_59_20">
      <DeploymentItem filename="C:\Atelier3\Atelier3\bin\Debug\Atelier3.exe" />
      <DeploymentItem filename="C:\Atelier3\SoccerRankingLib\bin\Debug\SoccerRankingLib.dll" />
      <DeploymentItem filename="C:\Atelier3\Lib\bin\Debug\Lib.dll" />
    </Deployment>
    <Execution>
      <TestTypeSpecific />
      <AgentRule name="Execution Agents">
      </AgentRule>
    </Execution>
  </TestSettings>
  <Times creation="2013-03-09T20:59:20.5012346+01:00" queuing="2013-03-09T20:59:21.4012076+01:00" start="2013-03-09T20:59:22.9011626+01:00" finish="2013-03-09T20:59:27.5510231+01:00" />
  <ResultSummary outcome="Failed">
    <Counters total="19" executed="19" passed="12" error="0" failed="4" timeout="0" aborted="0" inconclusive="3" passedButRunAborted="0" notRunnable="0" notExecuted="0" disconnected="0" warning="0" completed="0" inProgress="0" pending="0" />
  </ResultSummary>
  <TestDefinitions>
    <UnitTest name="FrenchLeague1PointSystem_PointTotalConstructorTest" storage="c:\atelier3\frenchleaguetest\bin\debug\frenchleaguetest.dll" id="a282ba80-dfb9-5079-0ed6-0f9e78f56075">
      <Execution id="5af451ce-d8b2-46da-954c-8203cf4e14f4" />
      <TestMethod codeBase="C:/Atelier3/FrenchLeagueTest/bin/Debug/FrenchLeagueTest.DLL" adapterTypeName="Microsoft.VisualStudio.TestTools.TestTypes.Unit.UnitTestAdapter, Microsoft.VisualStudio.QualityTools.Tips.UnitTest.Adapter, Version=10.0.0.0, Culture=neutral, PublicKeyToken=b03f5f7f11d50a3a" className="FrenchLeagueTest.FrenchLeague1PointSystem_PointTotalTest, FrenchLeagueTest, Version=1.0.0.0, Culture=neutral, PublicKeyToken=null" name="FrenchLeague1PointSystem_PointTotalConstructorTest" />
    </UnitTest>
    <UnitTest name="ToStringTest" storage="c:\atelier3\testlib\bin\debug\testlib.dll" id="8ccd64cc-b635-9759-0fd0-44c225be0f93">
      <Execution id="044100b4-6b3a-42d8-ad01-6ea4dfe3ac25" />
      <TestMethod codeBase="C:/Atelier3/TestLib/bin/Debug/TestLib.DLL" adapterTypeName="Microsoft.VisualStudio.TestTools.TestTypes.Unit.UnitTestAdapter, Microsoft.VisualStudio.QualityTools.Tips.UnitTest.Adapter, Version=10.0.0.0, Culture=neutral, PublicKeyToken=b03f5f7f11d50a3a" className="TestLib.ClubTest, TestLib, Version=1.0.0.0, Culture=neutral, PublicKeyToken=null" name="ToStringTest" />
    </UnitTest>
    <UnitTest name="IsAwayForfeitTest" storage="c:\atelier3\testlib\bin\debug\testlib.dll" id="b37b4a3e-f19e-d63a-58cf-b36a289255bd">
      <Execution id="d781fd14-c87d-4e9c-9648-82e9c82ab72c" />
      <TestMethod codeBase="C:/Atelier3/TestLib/bin/Debug/TestLib.DLL" adapterTypeName="Microsoft.VisualStudio.TestTools.TestTypes.Unit.UnitTestAdapter, Microsoft.VisualStudio.QualityTools.Tips.UnitTest.Adapter, Version=10.0.0.0, Culture=neutral, PublicKeyToken=b03f5f7f11d50a3a" className="TestLib.MatchTest, TestLib, Version=1.0.0.0, Culture=neutral, PublicKeyToken=null" name="IsAwayForfeitTest" />
    </UnitTest>
    <UnitTest name="HomeGoalsTest" storage="c:\atelier3\testlib\bin\debug\testlib.dll" id="8f21de7f-e6ed-dea1-95c4-5748718260ef">
      <Execution id="5c8504a3-4ddc-47d7-9988-0a1bab5137bc" />
      <TestMethod codeBase="C:/Atelier3/TestLib/bin/Debug/TestLib.DLL" adapterTypeName="Microsoft.VisualStudio.TestTools.TestTypes.Unit.UnitTestAdapter, Microsoft.VisualStudio.QualityTools.Tips.UnitTest.Adapter, Version=10.0.0.0, Culture=neutral, PublicKeyToken=b03f5f7f11d50a3a" className="TestLib.MatchTest, TestLib, Version=1.0.0.0, Culture=neutral, PublicKeyToken=null" name="HomeGoalsTest" />
    </UnitTest>
    <UnitTest name="AwayTest" storage="c:\atelier3\testlib\bin\debug\testlib.dll" id="1ed9e0b8-b917-981f-1adf-4d3988eb679a">
      <Execution id="50838ed7-f1a7-4c45-b610-e46e214419d0" />
      <TestMethod codeBase="C:/Atelier3/TestLib/bin/Debug/TestLib.DLL" adapterTypeName="Microsoft.VisualStudio.TestTools.TestTypes.Unit.UnitTestAdapter, Microsoft.VisualStudio.QualityTools.Tips.UnitTest.Adapter, Version=10.0.0.0, Culture=neutral, PublicKeyToken=b03f5f7f11d50a3a" className="TestLib.MatchTest, TestLib, Version=1.0.0.0, Culture=neutral, PublicKeyToken=null" name="AwayTest" />
    </UnitTest>
    <UnitTest name="HomeTest" storage="c:\atelier3\testlib\bin\debug\testlib.dll" id="cf74f09b-0c62-461e-813a-423683b12a7e">
      <Execution id="3bc8637e-a815-4d18-aeb0-068cb3f4fc09" />
      <TestMethod codeBase="C:/Atelier3/TestLib/bin/Debug/TestLib.DLL" adapterTypeName="Microsoft.VisualStudio.TestTools.TestTypes.Unit.UnitTestAdapter, Microsoft.VisualStudio.QualityTools.Tips.UnitTest.Adapter, Version=10.0.0.0, Culture=neutral, PublicKeyToken=b03f5f7f11d50a3a" className="TestLib.MatchTest, TestLib, Version=1.0.0.0, Culture=neutral, PublicKeyToken=null" name="HomeTest" />
    </UnitTest>
    <UnitTest name="IncrementTest" storage="c:\atelier3\frenchleaguetest\bin\debug\frenchleaguetest.dll" id="38b14273-9678-e070-b533-f0c1007d4d3b">
      <Execution id="30fe8c7c-1265-4dce-ac6f-e3216f16aaeb" />
      <TestMethod codeBase="C:/Atelier3/FrenchLeagueTest/bin/Debug/FrenchLeagueTest.DLL" adapterTypeName="Microsoft.VisualStudio.TestTools.TestTypes.Unit.UnitTestAdapter, Microsoft.VisualStudio.QualityTools.Tips.UnitTest.Adapter, Version=10.0.0.0, Culture=neutral, PublicKeyToken=b03f5f7f11d50a3a" className="FrenchLeagueTest.FrenchLeague1PointSystem_PointTotalTest, FrenchLeagueTest, Version=1.0.0.0, Culture=neutral, PublicKeyToken=null" name="IncrementTest" />
    </UnitTest>
    <UnitTest name="isHomeForfaitTest" storage="c:\atelier3\testlib\bin\debug\testlib.dll" id="15aa387b-d797-9a10-ac96-f9f5828fde23">
      <Execution id="0b04cd09-a2e2-4ba1-ab45-3d08a72cc2ca" />
      <TestMethod codeBase="C:/Atelier3/TestLib/bin/Debug/TestLib.DLL" adapterTypeName="Microsoft.VisualStudio.TestTools.TestTypes.Unit.UnitTestAdapter, Microsoft.VisualStudio.QualityTools.Tips.UnitTest.Adapter, Version=10.0.0.0, Culture=neutral, PublicKeyToken=b03f5f7f11d50a3a" className="TestLib.MatchTest, TestLib, Version=1.0.0.0, Culture=neutral, PublicKeyToken=null" name="isHomeForfaitTest" />
    </UnitTest>
    <UnitTest name="InstanceTest" storage="c:\atelier3\frenchleaguetest\bin\debug\frenchleaguetest.dll" id="e997e89f-756b-48be-4ab1-f0802423396a">
      <Execution id="637ac6e0-c2c4-4724-86a3-b9d8f46c6474" />
      <TestMethod codeBase="C:/Atelier3/FrenchLeagueTest/bin/Debug/FrenchLeagueTest.DLL" adapterTypeName="Microsoft.VisualStudio.TestTools.TestTypes.Unit.UnitTestAdapter, Microsoft.VisualStudio.QualityTools.Tips.UnitTest.Adapter, Version=10.0.0.0, Culture=neutral, PublicKeyToken=b03f5f7f11d50a3a" className="FrenchLeagueTest.FrenchLeague1PointSystemTest, FrenchLeagueTest, Version=1.0.0.0, Culture=neutral, PublicKeyToken=null" name="InstanceTest" />
    </UnitTest>
    <UnitTest name="FrenchLeague1PointSystem_PointTotalConstructorTest1" storage="c:\atelier3\frenchleaguetest\bin\debug\frenchleaguetest.dll" id="143573cc-926c-664d-27a7-4d405b2a6a67">
      <Execution id="5068d6cb-8e25-4c5b-af61-a07d9451a211" />
      <TestMethod codeBase="C:/Atelier3/FrenchLeagueTest/bin/Debug/FrenchLeagueTest.DLL" adapterTypeName="Microsoft.VisualStudio.TestTools.TestTypes.Unit.UnitTestAdapter, Microsoft.VisualStudio.QualityTools.Tips.UnitTest.Adapter, Version=10.0.0.0, Culture=neutral, PublicKeyToken=b03f5f7f11d50a3a" className="FrenchLeagueTest.FrenchLeague1PointSystem_PointTotalTest, FrenchLeagueTest, Version=1.0.0.0, Culture=neutral, PublicKeyToken=null" name="FrenchLeague1PointSystem_PointTotalConstructorTest1" />
    </UnitTest>
    <UnitTest name="MatchConstructorTest1" storage="c:\atelier3\testlib\bin\debug\testlib.dll" id="60f2211b-2c11-d413-6cbd-8c9306c8eb14">
      <Execution id="89c00f3a-9995-4791-83b7-9285bbc2ea08" />
      <TestMethod codeBase="C:/Atelier3/TestLib/bin/Debug/TestLib.DLL" adapterTypeName="Microsoft.VisualStudio.TestTools.TestTypes.Unit.UnitTestAdapter, Microsoft.VisualStudio.QualityTools.Tips.UnitTest.Adapter, Version=10.0.0.0, Culture=neutral, PublicKeyToken=b03f5f7f11d50a3a" className="TestLib.MatchTest, TestLib, Version=1.0.0.0, Culture=neutral, PublicKeyToken=null" name="MatchConstructorTest1" />
    </UnitTest>
    <UnitTest name="GetPointsFromMatchTest" storage="c:\atelier3\frenchleaguetest\bin\debug\frenchleaguetest.dll" id="e62e383d-4e73-7eaf-4470-9b9244b097ff">
      <Execution id="9906b069-1a0a-49e3-8824-ad3024c2091b" />
      <TestMethod codeBase="C:/Atelier3/FrenchLeagueTest/bin/Debug/FrenchLeagueTest.DLL" adapterTypeName="Microsoft.VisualStudio.TestTools.TestTypes.Unit.UnitTestAdapter, Microsoft.VisualStudio.QualityTools.Tips.UnitTest.Adapter, Version=10.0.0.0, Culture=neutral, PublicKeyToken=b03f5f7f11d50a3a" className="FrenchLeagueTest.FrenchLeague1PointSystemTest, FrenchLeagueTest, Version=1.0.0.0, Culture=neutral, PublicKeyToken=null" name="GetPointsFromMatchTest" />
    </UnitTest>
    <UnitTest name="isDrawTest" storage="c:\atelier3\testlib\bin\debug\testlib.dll" id="f1c00562-9ca6-f0a2-2ac5-2229cd1f8c73">
      <Execution id="f63a94ab-657a-4569-8a08-f3bcf7b88c52" />
      <TestMethod codeBase="C:/Atelier3/TestLib/bin/Debug/TestLib.DLL" adapterTypeName="Microsoft.VisualStudio.TestTools.TestTypes.Unit.UnitTestAdapter, Microsoft.VisualStudio.QualityTools.Tips.UnitTest.Adapter, Version=10.0.0.0, Culture=neutral, PublicKeyToken=b03f5f7f11d50a3a" className="TestLib.MatchTest, TestLib, Version=1.0.0.0, Culture=neutral, PublicKeyToken=null" name="isDrawTest" />
    </UnitTest>
    <UnitTest name="CompareToTest" storage="c:\atelier3\frenchleaguetest\bin\debug\frenchleaguetest.dll" id="7d29269b-8409-51cd-5f17-ede6bd48c530">
      <Execution id="99ce9918-e03f-408f-8d70-8e713e35f631" />
      <TestMethod codeBase="C:/Atelier3/FrenchLeagueTest/bin/Debug/FrenchLeagueTest.DLL" adapterTypeName="Microsoft.VisualStudio.TestTools.TestTypes.Unit.UnitTestAdapter, Microsoft.VisualStudio.QualityTools.Tips.UnitTest.Adapter, Version=10.0.0.0, Culture=neutral, PublicKeyToken=b03f5f7f11d50a3a" className="FrenchLeagueTest.FrenchLeague1PointSystem_PointTotalTest, FrenchLeagueTest, Version=1.0.0.0, Culture=neutral, PublicKeyToken=null" name="CompareToTest" />
    </UnitTest>
    <UnitTest name="AwayGoalsTest" storage="c:\atelier3\testlib\bin\debug\testlib.dll" id="194936c4-fe2b-2b9f-b4b2-066396265d61">
      <Execution id="7771ba7d-6e5c-49cd-beaa-721b0e3d4ea7" />
      <TestMethod codeBase="C:/Atelier3/TestLib/bin/Debug/TestLib.DLL" adapterTypeName="Microsoft.VisualStudio.TestTools.TestTypes.Unit.UnitTestAdapter, Microsoft.VisualStudio.QualityTools.Tips.UnitTest.Adapter, Version=10.0.0.0, Culture=neutral, PublicKeyToken=b03f5f7f11d50a3a" className="TestLib.MatchTest, TestLib, Version=1.0.0.0, Culture=neutral, PublicKeyToken=null" name="AwayGoalsTest" />
    </UnitTest>
    <UnitTest name="MatchConstructorTest" storage="c:\atelier3\testlib\bin\debug\testlib.dll" id="712b1bb1-36fa-ee91-72c9-ed3069e025e6">
      <Execution id="9e1ba0da-5c30-4ab2-9ec4-4d25afefea10" />
      <TestMethod codeBase="C:/Atelier3/TestLib/bin/Debug/TestLib.DLL" adapterTypeName="Microsoft.VisualStudio.TestTools.TestTypes.Unit.UnitTestAdapter, Microsoft.VisualStudio.QualityTools.Tips.UnitTest.Adapter, Version=10.0.0.0, Culture=neutral, PublicKeyToken=b03f5f7f11d50a3a" className="TestLib.MatchTest, TestLib, Version=1.0.0.0, Culture=neutral, PublicKeyToken=null" name="MatchConstructorTest" />
    </UnitTest>
    <UnitTest name="ClubConstructorTest" storage="c:\atelier3\testlib\bin\debug\testlib.dll" id="fb20f93f-ac1d-bdac-90f8-b409b3174262">
      <Execution id="e0873073-f031-40e2-b241-02c374e9974d" />
      <TestMethod codeBase="C:/Atelier3/TestLib/bin/Debug/TestLib.DLL" adapterTypeName="Microsoft.VisualStudio.TestTools.TestTypes.Unit.UnitTestAdapter, Microsoft.VisualStudio.QualityTools.Tips.UnitTest.Adapter, Version=10.0.0.0, Culture=neutral, PublicKeyToken=b03f5f7f11d50a3a" className="TestLib.ClubTest, TestLib, Version=1.0.0.0, Culture=neutral, PublicKeyToken=null" name="ClubConstructorTest" />
    </UnitTest>
    <UnitTest name="ToStringTest" storage="c:\atelier3\frenchleaguetest\bin\debug\frenchleaguetest.dll" id="e8392bb4-4cdf-9ec3-1840-bb50f07b394e">
      <Execution id="f68b6fec-da1f-4c7a-a29a-0b0cd5a78267" />
      <TestMethod codeBase="C:/Atelier3/FrenchLeagueTest/bin/Debug/FrenchLeagueTest.DLL" adapterTypeName="Microsoft.VisualStudio.TestTools.TestTypes.Unit.UnitTestAdapter, Microsoft.VisualStudio.QualityTools.Tips.UnitTest.Adapter, Version=10.0.0.0, Culture=neutral, PublicKeyToken=b03f5f7f11d50a3a" className="FrenchLeagueTest.FrenchLeague1PointSystem_PointTotalTest, FrenchLeagueTest, Version=1.0.0.0, Culture=neutral, PublicKeyToken=null" name="ToStringTest" />
    </UnitTest>
    <UnitTest name="InitialPointsTest" storage="c:\atelier3\frenchleaguetest\bin\debug\frenchleaguetest.dll" id="a180326a-0f9a-f5a3-267c-5b83149e619a">
      <Execution id="07330459-ad29-4445-9b0a-a6067d37b3a3" />
      <TestMethod codeBase="C:/Atelier3/FrenchLeagueTest/bin/Debug/FrenchLeagueTest.DLL" adapterTypeName="Microsoft.VisualStudio.TestTools.TestTypes.Unit.UnitTestAdapter, Microsoft.VisualStudio.QualityTools.Tips.UnitTest.Adapter, Version=10.0.0.0, Culture=neutral, PublicKeyToken=b03f5f7f11d50a3a" className="FrenchLeagueTest.FrenchLeague1PointSystemTest, FrenchLeagueTest, Version=1.0.0.0, Culture=neutral, PublicKeyToken=null" name="InitialPointsTest" />
    </UnitTest>
  </TestDefinitions>
  <TestLists>
    <TestList name="Les résultats ne figurent pas dans une liste" id="8c84fa94-04c1-424b-9868-57a2d4851a1d" />
    <TestList name="Tous les résultats chargés" id="19431567-8539-422a-85d7-44ee4e166bda" />
  </TestLists>
  <TestEntries>
    <TestEntry testId="143573cc-926c-664d-27a7-4d405b2a6a67" executionId="5068d6cb-8e25-4c5b-af61-a07d9451a211" testListId="8c84fa94-04c1-424b-9868-57a2d4851a1d" />
    <TestEntry testId="15aa387b-d797-9a10-ac96-f9f5828fde23" executionId="0b04cd09-a2e2-4ba1-ab45-3d08a72cc2ca" testListId="8c84fa94-04c1-424b-9868-57a2d4851a1d" />
    <TestEntry testId="194936c4-fe2b-2b9f-b4b2-066396265d61" executionId="7771ba7d-6e5c-49cd-beaa-721b0e3d4ea7" testListId="8c84fa94-04c1-424b-9868-57a2d4851a1d" />
    <TestEntry testId="1ed9e0b8-b917-981f-1adf-4d3988eb679a" executionId="50838ed7-f1a7-4c45-b610-e46e214419d0" testListId="8c84fa94-04c1-424b-9868-57a2d4851a1d" />
    <TestEntry testId="38b14273-9678-e070-b533-f0c1007d4d3b" executionId="30fe8c7c-1265-4dce-ac6f-e3216f16aaeb" testListId="8c84fa94-04c1-424b-9868-57a2d4851a1d" />
    <TestEntry testId="60f2211b-2c11-d413-6cbd-8c9306c8eb14" executionId="89c00f3a-9995-4791-83b7-9285bbc2ea08" testListId="8c84fa94-04c1-424b-9868-57a2d4851a1d" />
    <TestEntry testId="712b1bb1-36fa-ee91-72c9-ed3069e025e6" executionId="9e1ba0da-5c30-4ab2-9ec4-4d25afefea10" testListId="8c84fa94-04c1-424b-9868-57a2d4851a1d" />
    <TestEntry testId="7d29269b-8409-51cd-5f17-ede6bd48c530" executionId="99ce9918-e03f-408f-8d70-8e713e35f631" testListId="8c84fa94-04c1-424b-9868-57a2d4851a1d" />
    <TestEntry testId="8ccd64cc-b635-9759-0fd0-44c225be0f93" executionId="044100b4-6b3a-42d8-ad01-6ea4dfe3ac25" testListId="8c84fa94-04c1-424b-9868-57a2d4851a1d" />
    <TestEntry testId="8f21de7f-e6ed-dea1-95c4-5748718260ef" executionId="5c8504a3-4ddc-47d7-9988-0a1bab5137bc" testListId="8c84fa94-04c1-424b-9868-57a2d4851a1d" />
    <TestEntry testId="a180326a-0f9a-f5a3-267c-5b83149e619a" executionId="07330459-ad29-4445-9b0a-a6067d37b3a3" testListId="8c84fa94-04c1-424b-9868-57a2d4851a1d" />
    <TestEntry testId="a282ba80-dfb9-5079-0ed6-0f9e78f56075" executionId="5af451ce-d8b2-46da-954c-8203cf4e14f4" testListId="8c84fa94-04c1-424b-9868-57a2d4851a1d" />
    <TestEntry testId="b37b4a3e-f19e-d63a-58cf-b36a289255bd" executionId="d781fd14-c87d-4e9c-9648-82e9c82ab72c" testListId="8c84fa94-04c1-424b-9868-57a2d4851a1d" />
    <TestEntry testId="cf74f09b-0c62-461e-813a-423683b12a7e" executionId="3bc8637e-a815-4d18-aeb0-068cb3f4fc09" testListId="8c84fa94-04c1-424b-9868-57a2d4851a1d" />
    <TestEntry testId="e62e383d-4e73-7eaf-4470-9b9244b097ff" executionId="9906b069-1a0a-49e3-8824-ad3024c2091b" testListId="8c84fa94-04c1-424b-9868-57a2d4851a1d" />
    <TestEntry testId="e8392bb4-4cdf-9ec3-1840-bb50f07b394e" executionId="f68b6fec-da1f-4c7a-a29a-0b0cd5a78267" testListId="8c84fa94-04c1-424b-9868-57a2d4851a1d" />
    <TestEntry testId="e997e89f-756b-48be-4ab1-f0802423396a" executionId="637ac6e0-c2c4-4724-86a3-b9d8f46c6474" testListId="8c84fa94-04c1-424b-9868-57a2d4851a1d" />
    <TestEntry testId="f1c00562-9ca6-f0a2-2ac5-2229cd1f8c73" executionId="f63a94ab-657a-4569-8a08-f3bcf7b88c52" testListId="8c84fa94-04c1-424b-9868-57a2d4851a1d" />
    <TestEntry testId="fb20f93f-ac1d-bdac-90f8-b409b3174262" executionId="e0873073-f031-40e2-b241-02c374e9974d" testListId="8c84fa94-04c1-424b-9868-57a2d4851a1d" />
  </TestEntries>
  <Results>
    <UnitTestResult executionId="5068d6cb-8e25-4c5b-af61-a07d9451a211" testId="143573cc-926c-664d-27a7-4d405b2a6a67" testName="FrenchLeague1PointSystem_PointTotalConstructorTest1" computerName="WIN-FK27F0CV16L" duration="00:00:00.5771492" startTime="2013-03-09T20:59:23.2711515+01:00" endTime="2013-03-09T20:59:26.5810522+01:00" testType="13cdc9d9-ddb5-4fa4-a97d-d965ccfc6d4b" outcome="Inconclusive" testListId="8c84fa94-04c1-424b-9868-57a2d4851a1d" relativeResultsDirectory="5068d6cb-8e25-4c5b-af61-a07d9451a211">
      <Output>
        <ErrorInfo>
          <Message>Échec de Assert.Inconclusive. TODO: implémentez le code pour vérifier la cible</Message>
          <StackTrace>   à FrenchLeagueTest.FrenchLeague1PointSystem_PointTotalTest.FrenchLeague1PointSystem_PointTotalConstructorTest1() dans C:\Atelier3\FrenchLeagueTest\FrenchLeague1PointSystem_PointTotalTest.cs:ligne 93
</StackTrace>
        </ErrorInfo>
      </Output>
    </UnitTestResult>
    <UnitTestResult executionId="0b04cd09-a2e2-4ba1-ab45-3d08a72cc2ca" testId="15aa387b-d797-9a10-ac96-f9f5828fde23" testName="isHomeForfaitTest" computerName="WIN-FK27F0CV16L" duration="00:00:00.0496720" startTime="2013-03-09T20:59:26.5810522+01:00" endTime="2013-03-09T20:59:26.8710435+01:00" testType="13cdc9d9-ddb5-4fa4-a97d-d965ccfc6d4b" outcome="Passed" testListId="8c84fa94-04c1-424b-9868-57a2d4851a1d" relativeResultsDirectory="0b04cd09-a2e2-4ba1-ab45-3d08a72cc2ca">
    </UnitTestResult>
    <UnitTestResult executionId="7771ba7d-6e5c-49cd-beaa-721b0e3d4ea7" testId="194936c4-fe2b-2b9f-b4b2-066396265d61" testName="AwayGoalsTest" computerName="WIN-FK27F0CV16L" duration="00:00:00.0012632" startTime="2013-03-09T20:59:26.8810432+01:00" endTime="2013-03-09T20:59:26.8910429+01:00" testType="13cdc9d9-ddb5-4fa4-a97d-d965ccfc6d4b" outcome="Passed" testListId="8c84fa94-04c1-424b-9868-57a2d4851a1d" relativeResultsDirectory="7771ba7d-6e5c-49cd-beaa-721b0e3d4ea7">
    </UnitTestResult>
    <UnitTestResult executionId="50838ed7-f1a7-4c45-b610-e46e214419d0" testId="1ed9e0b8-b917-981f-1adf-4d3988eb679a" testName="AwayTest" computerName="WIN-FK27F0CV16L" duration="00:00:00.0013312" startTime="2013-03-09T20:59:26.8910429+01:00" endTime="2013-03-09T20:59:26.9010426+01:00" testType="13cdc9d9-ddb5-4fa4-a97d-d965ccfc6d4b" outcome="Passed" testListId="8c84fa94-04c1-424b-9868-57a2d4851a1d" relativeResultsDirectory="50838ed7-f1a7-4c45-b610-e46e214419d0">
    </UnitTestResult>
    <UnitTestResult executionId="30fe8c7c-1265-4dce-ac6f-e3216f16aaeb" testId="38b14273-9678-e070-b533-f0c1007d4d3b" testName="IncrementTest" computerName="WIN-FK27F0CV16L" duration="00:00:00.2030276" startTime="2013-03-09T20:59:26.9010426+01:00" endTime="2013-03-09T20:59:27.1110363+01:00" testType="13cdc9d9-ddb5-4fa4-a97d-d965ccfc6d4b" outcome="Failed" testListId="8c84fa94-04c1-424b-9868-57a2d4851a1d" relativeResultsDirectory="30fe8c7c-1265-4dce-ac6f-e3216f16aaeb">
      <Output>
        <ErrorInfo>
          <Message>La méthode de test FrenchLeagueTest.FrenchLeague1PointSystem_PointTotalTest.IncrementTest a levé une exception : 
System.NullReferenceException: La référence d'objet n'est pas définie à une instance d'un objet.</Message>
          <StackTrace>    à SoccerRankingLib.FrenchLeague1PointSystem.PointTotal.Increment(ITotal with) dans C:\Atelier3\SoccerRankingLib\FrenchLeague1PointSystem.cs:ligne 46
   à FrenchLeagueTest.FrenchLeague1PointSystem_PointTotalTest.IncrementTest() dans C:\Atelier3\FrenchLeagueTest\FrenchLeague1PointSystem_PointTotalTest.cs:ligne 119
</StackTrace>
        </ErrorInfo>
      </Output>
    </UnitTestResult>
    <UnitTestResult executionId="89c00f3a-9995-4791-83b7-9285bbc2ea08" testId="60f2211b-2c11-d413-6cbd-8c9306c8eb14" testName="MatchConstructorTest1" computerName="WIN-FK27F0CV16L" duration="00:00:00.0061148" startTime="2013-03-09T20:59:27.1110363+01:00" endTime="2013-03-09T20:59:27.1310357+01:00" testType="13cdc9d9-ddb5-4fa4-a97d-d965ccfc6d4b" outcome="Passed" testListId="8c84fa94-04c1-424b-9868-57a2d4851a1d" relativeResultsDirectory="89c00f3a-9995-4791-83b7-9285bbc2ea08">
    </UnitTestResult>
    <UnitTestResult executionId="9e1ba0da-5c30-4ab2-9ec4-4d25afefea10" testId="712b1bb1-36fa-ee91-72c9-ed3069e025e6" testName="MatchConstructorTest" computerName="WIN-FK27F0CV16L" duration="00:00:00.0003753" startTime="2013-03-09T20:59:27.1310357+01:00" endTime="2013-03-09T20:59:27.1410354+01:00" testType="13cdc9d9-ddb5-4fa4-a97d-d965ccfc6d4b" outcome="Passed" testListId="8c84fa94-04c1-424b-9868-57a2d4851a1d" relativeResultsDirectory="9e1ba0da-5c30-4ab2-9ec4-4d25afefea10">
    </UnitTestResult>
    <UnitTestResult executionId="99ce9918-e03f-408f-8d70-8e713e35f631" testId="7d29269b-8409-51cd-5f17-ede6bd48c530" testName="CompareToTest" computerName="WIN-FK27F0CV16L" duration="00:00:00.0015359" startTime="2013-03-09T20:59:27.1410354+01:00" endTime="2013-03-09T20:59:27.1410354+01:00" testType="13cdc9d9-ddb5-4fa4-a97d-d965ccfc6d4b" outcome="Failed" testListId="8c84fa94-04c1-424b-9868-57a2d4851a1d" relativeResultsDirectory="99ce9918-e03f-408f-8d70-8e713e35f631">
      <Output>
        <ErrorInfo>
          <Message>La méthode de test FrenchLeagueTest.FrenchLeague1PointSystem_PointTotalTest.CompareToTest a levé une exception : 
System.NullReferenceException: La référence d'objet n'est pas définie à une instance d'un objet.</Message>
          <StackTrace>    à SoccerRankingLib.FrenchLeague1PointSystem.PointTotal.CompareTo(Object obj) dans C:\Atelier3\SoccerRankingLib\FrenchLeague1PointSystem.cs:ligne 41
   à FrenchLeagueTest.FrenchLeague1PointSystem_PointTotalTest.CompareToTest() dans C:\Atelier3\FrenchLeagueTest\FrenchLeague1PointSystem_PointTotalTest.cs:ligne 106
</StackTrace>
        </ErrorInfo>
      </Output>
    </UnitTestResult>
    <UnitTestResult executionId="044100b4-6b3a-42d8-ad01-6ea4dfe3ac25" testId="8ccd64cc-b635-9759-0fd0-44c225be0f93" testName="ToStringTest" computerName="WIN-FK27F0CV16L" duration="00:00:00.0004557" startTime="2013-03-09T20:59:27.1510351+01:00" endTime="2013-03-09T20:59:27.1810342+01:00" testType="13cdc9d9-ddb5-4fa4-a97d-d965ccfc6d4b" outcome="Passed" testListId="8c84fa94-04c1-424b-9868-57a2d4851a1d" relativeResultsDirectory="044100b4-6b3a-42d8-ad01-6ea4dfe3ac25">
    </UnitTestResult>
    <UnitTestResult executionId="5c8504a3-4ddc-47d7-9988-0a1bab5137bc" testId="8f21de7f-e6ed-dea1-95c4-5748718260ef" testName="HomeGoalsTest" computerName="WIN-FK27F0CV16L" duration="00:00:00.0003959" startTime="2013-03-09T20:59:27.1810342+01:00" endTime="2013-03-09T20:59:27.2310327+01:00" testType="13cdc9d9-ddb5-4fa4-a97d-d965ccfc6d4b" outcome="Passed" testListId="8c84fa94-04c1-424b-9868-57a2d4851a1d" relativeResultsDirectory="5c8504a3-4ddc-47d7-9988-0a1bab5137bc">
    </UnitTestResult>
    <UnitTestResult executionId="07330459-ad29-4445-9b0a-a6067d37b3a3" testId="a180326a-0f9a-f5a3-267c-5b83149e619a" testName="InitialPointsTest" computerName="WIN-FK27F0CV16L" duration="00:00:00.0010844" startTime="2013-03-09T20:59:27.2310327+01:00" endTime="2013-03-09T20:59:27.2410324+01:00" testType="13cdc9d9-ddb5-4fa4-a97d-d965ccfc6d4b" outcome="Inconclusive" testListId="8c84fa94-04c1-424b-9868-57a2d4851a1d" relativeResultsDirectory="07330459-ad29-4445-9b0a-a6067d37b3a3">
      <Output>
        <ErrorInfo>
          <Message>Échec de Assert.Inconclusive. Vérifiez l'exactitude de cette méthode de test.</Message>
          <StackTrace>   à FrenchLeagueTest.FrenchLeague1PointSystemTest.InitialPointsTest() dans C:\Atelier3\FrenchLeagueTest\FrenchLeague1PointSystemTest.cs:ligne 94
</StackTrace>
        </ErrorInfo>
      </Output>
    </UnitTestResult>
    <UnitTestResult executionId="5af451ce-d8b2-46da-954c-8203cf4e14f4" testId="a282ba80-dfb9-5079-0ed6-0f9e78f56075" testName="FrenchLeague1PointSystem_PointTotalConstructorTest" computerName="WIN-FK27F0CV16L" duration="00:00:00.0158504" startTime="2013-03-09T20:59:27.2410324+01:00" endTime="2013-03-09T20:59:27.2710315+01:00" testType="13cdc9d9-ddb5-4fa4-a97d-d965ccfc6d4b" outcome="Passed" testListId="8c84fa94-04c1-424b-9868-57a2d4851a1d" relativeResultsDirectory="5af451ce-d8b2-46da-954c-8203cf4e14f4">
    </UnitTestResult>
    <UnitTestResult executionId="d781fd14-c87d-4e9c-9648-82e9c82ab72c" testId="b37b4a3e-f19e-d63a-58cf-b36a289255bd" testName="IsAwayForfeitTest" computerName="WIN-FK27F0CV16L" duration="00:00:00.0004701" startTime="2013-03-09T20:59:27.2710315+01:00" endTime="2013-03-09T20:59:27.2810312+01:00" testType="13cdc9d9-ddb5-4fa4-a97d-d965ccfc6d4b" outcome="Passed" testListId="8c84fa94-04c1-424b-9868-57a2d4851a1d" relativeResultsDirectory="d781fd14-c87d-4e9c-9648-82e9c82ab72c">
    </UnitTestResult>
    <UnitTestResult executionId="3bc8637e-a815-4d18-aeb0-068cb3f4fc09" testId="cf74f09b-0c62-461e-813a-423683b12a7e" testName="HomeTest" computerName="WIN-FK27F0CV16L" duration="00:00:00.0002364" startTime="2013-03-09T20:59:27.2810312+01:00" endTime="2013-03-09T20:59:27.3610288+01:00" testType="13cdc9d9-ddb5-4fa4-a97d-d965ccfc6d4b" outcome="Passed" testListId="8c84fa94-04c1-424b-9868-57a2d4851a1d" relativeResultsDirectory="3bc8637e-a815-4d18-aeb0-068cb3f4fc09">
    </UnitTestResult>
    <UnitTestResult executionId="9906b069-1a0a-49e3-8824-ad3024c2091b" testId="e62e383d-4e73-7eaf-4470-9b9244b097ff" testName="GetPointsFromMatchTest" computerName="WIN-FK27F0CV16L" duration="00:00:00.0019709" startTime="2013-03-09T20:59:27.3610288+01:00" endTime="2013-03-09T20:59:27.3710285+01:00" testType="13cdc9d9-ddb5-4fa4-a97d-d965ccfc6d4b" outcome="Failed" testListId="8c84fa94-04c1-424b-9868-57a2d4851a1d" relativeResultsDirectory="9906b069-1a0a-49e3-8824-ad3024c2091b">
      <Output>
        <ErrorInfo>
          <Message>La méthode de test FrenchLeagueTest.FrenchLeague1PointSystemTest.GetPointsFromMatchTest a levé une exception : 
System.NullReferenceException: La référence d'objet n'est pas définie à une instance d'un objet.</Message>
          <StackTrace>    à SoccerRankingLib.FrenchLeague1PointSystem.PointTotal..ctor(Match m, Boolean home) dans C:\Atelier3\SoccerRankingLib\FrenchLeague1PointSystem.cs:ligne 59
   à SoccerRankingLib.FrenchLeague1PointSystem.GetPointsFromMatch(Match m, Boolean isHome) dans C:\Atelier3\SoccerRankingLib\FrenchLeague1PointSystem.cs:ligne 31
   à FrenchLeagueTest.FrenchLeague1PointSystemTest.GetPointsFromMatchTest() dans C:\Atelier3\FrenchLeagueTest\FrenchLeague1PointSystemTest.cs:ligne 80
</StackTrace>
        </ErrorInfo>
      </Output>
    </UnitTestResult>
    <UnitTestResult executionId="f68b6fec-da1f-4c7a-a29a-0b0cd5a78267" testId="e8392bb4-4cdf-9ec3-1840-bb50f07b394e" testName="ToStringTest" computerName="WIN-FK27F0CV16L" duration="00:00:00.0027189" startTime="2013-03-09T20:59:27.3710285+01:00" endTime="2013-03-09T20:59:27.3810282+01:00" testType="13cdc9d9-ddb5-4fa4-a97d-d965ccfc6d4b" outcome="Failed" testListId="8c84fa94-04c1-424b-9868-57a2d4851a1d" relativeResultsDirectory="f68b6fec-da1f-4c7a-a29a-0b0cd5a78267">
      <Output>
        <ErrorInfo>
          <Message>Échec de Assert.AreEqual. Attendu : &lt;&gt;, Réel : &lt;SoccerRankingLib.FrenchLeague1PointSystem+PointTotal&gt;. </Message>
          <StackTrace>   à FrenchLeagueTest.FrenchLeague1PointSystem_PointTotalTest.ToStringTest() dans C:\Atelier3\FrenchLeagueTest\FrenchLeague1PointSystem_PointTotalTest.cs:ligne 133
</StackTrace>
        </ErrorInfo>
      </Output>
    </UnitTestResult>
    <UnitTestResult executionId="637ac6e0-c2c4-4724-86a3-b9d8f46c6474" testId="e997e89f-756b-48be-4ab1-f0802423396a" testName="InstanceTest" computerName="WIN-FK27F0CV16L" duration="00:00:00.0007520" startTime="2013-03-09T20:59:27.3810282+01:00" endTime="2013-03-09T20:59:27.3910279+01:00" testType="13cdc9d9-ddb5-4fa4-a97d-d965ccfc6d4b" outcome="Inconclusive" testListId="8c84fa94-04c1-424b-9868-57a2d4851a1d" relativeResultsDirectory="637ac6e0-c2c4-4724-86a3-b9d8f46c6474">
      <Output>
        <ErrorInfo>
          <Message>Échec de Assert.Inconclusive. Vérifiez l'exactitude de cette méthode de test.</Message>
          <StackTrace>   à FrenchLeagueTest.FrenchLeague1PointSystemTest.InstanceTest() dans C:\Atelier3\FrenchLeagueTest\FrenchLeague1PointSystemTest.cs:ligne 106
</StackTrace>
        </ErrorInfo>
      </Output>
    </UnitTestResult>
    <UnitTestResult executionId="f63a94ab-657a-4569-8a08-f3bcf7b88c52" testId="f1c00562-9ca6-f0a2-2ac5-2229cd1f8c73" testName="isDrawTest" computerName="WIN-FK27F0CV16L" duration="00:00:00.0003547" startTime="2013-03-09T20:59:27.3910279+01:00" endTime="2013-03-09T20:59:27.3910279+01:00" testType="13cdc9d9-ddb5-4fa4-a97d-d965ccfc6d4b" outcome="Passed" testListId="8c84fa94-04c1-424b-9868-57a2d4851a1d" relativeResultsDirectory="f63a94ab-657a-4569-8a08-f3bcf7b88c52">
    </UnitTestResult>
    <UnitTestResult executionId="e0873073-f031-40e2-b241-02c374e9974d" testId="fb20f93f-ac1d-bdac-90f8-b409b3174262" testName="ClubConstructorTest" computerName="WIN-FK27F0CV16L" duration="00:00:00.0008405" startTime="2013-03-09T20:59:27.4010276+01:00" endTime="2013-03-09T20:59:27.4110273+01:00" testType="13cdc9d9-ddb5-4fa4-a97d-d965ccfc6d4b" outcome="Passed" testListId="8c84fa94-04c1-424b-9868-57a2d4851a1d" relativeResultsDirectory="e0873073-f031-40e2-b241-02c374e9974d">
    </UnitTestResult>
  </Results>
</TestRun>