<?xml version="1.0" encoding="UTF-8"?>
<TestRun id="c5e3f7a5-1064-4a71-a4ad-0feae7d3a230" name="Savinien Lucbereilh@SAVINIEN 2013-03-04 20:30:01" runUser="Savinien\Savinien Lucbereilh" xmlns="http://microsoft.com/schemas/VisualStudio/TeamTest/2010">
  <TestSettings name="Local" id="964a3fb8-e917-4ad7-862c-0ef62600ef40">
    <Description>Il s'agit des paramètres de test par défaut pour une série de tests locale.</Description>
    <Deployment enabled="false" runDeploymentRoot="Savinien Lucbereilh_SAVINIEN 2013-03-04 20_30_01">
      <DeploymentItem filename="C:\Users\Savinien Lucbereilh\Desktop\Atelier3\Lib\bin\Debug\Lib.dll" />
    </Deployment>
    <Execution>
      <TestTypeSpecific />
      <AgentRule name="Execution Agents">
      </AgentRule>
    </Execution>
  </TestSettings>
  <Times creation="2013-03-04T20:30:01.8962374+01:00" queuing="2013-03-04T20:30:02.0475603+01:00" start="2013-03-04T20:30:02.0807641+01:00" finish="2013-03-04T20:30:02.3640163+01:00" />
  <ResultSummary outcome="Completed">
    <Counters total="11" executed="11" passed="11" error="0" failed="0" timeout="0" aborted="0" inconclusive="0" passedButRunAborted="0" notRunnable="0" notExecuted="0" disconnected="0" warning="0" completed="0" inProgress="0" pending="0" />
  </ResultSummary>
  <TestDefinitions>
    <UnitTest name="ClubConstructorTest" storage="c:\users\savinien lucbereilh\desktop\atelier3\testlib\bin\debug\testlib.dll" id="fb20f93f-ac1d-bdac-90f8-b409b3174262">
      <Execution id="449defc2-25ab-435e-ae6e-80dc6971013b" />
      <TestMethod codeBase="C:/Users/Savinien Lucbereilh/Desktop/Atelier3/TestLib/bin/Debug/TestLib.DLL" adapterTypeName="Microsoft.VisualStudio.TestTools.TestTypes.Unit.UnitTestAdapter, Microsoft.VisualStudio.QualityTools.Tips.UnitTest.Adapter, Version=10.0.0.0, Culture=neutral, PublicKeyToken=b03f5f7f11d50a3a" className="TestLib.ClubTest, TestLib, Version=1.0.0.0, Culture=neutral, PublicKeyToken=null" name="ClubConstructorTest" />
    </UnitTest>
    <UnitTest name="MatchConstructorTest" storage="c:\users\savinien lucbereilh\desktop\atelier3\testlib\bin\debug\testlib.dll" id="712b1bb1-36fa-ee91-72c9-ed3069e025e6">
      <Execution id="b5d2378b-b74b-450b-a7bf-aa41ff0b2d2c" />
      <TestMethod codeBase="C:/Users/Savinien Lucbereilh/Desktop/Atelier3/TestLib/bin/Debug/TestLib.DLL" adapterTypeName="Microsoft.VisualStudio.TestTools.TestTypes.Unit.UnitTestAdapter, Microsoft.VisualStudio.QualityTools.Tips.UnitTest.Adapter, Version=10.0.0.0, Culture=neutral, PublicKeyToken=b03f5f7f11d50a3a" className="TestLib.MatchTest, TestLib, Version=1.0.0.0, Culture=neutral, PublicKeyToken=null" name="MatchConstructorTest" />
    </UnitTest>
    <UnitTest name="ToStringTest" storage="c:\users\savinien lucbereilh\desktop\atelier3\testlib\bin\debug\testlib.dll" id="8ccd64cc-b635-9759-0fd0-44c225be0f93">
      <Execution id="a366a674-3e27-4bed-a089-9665d39f6cca" />
      <TestMethod codeBase="C:/Users/Savinien Lucbereilh/Desktop/Atelier3/TestLib/bin/Debug/TestLib.DLL" adapterTypeName="Microsoft.VisualStudio.TestTools.TestTypes.Unit.UnitTestAdapter, Microsoft.VisualStudio.QualityTools.Tips.UnitTest.Adapter, Version=10.0.0.0, Culture=neutral, PublicKeyToken=b03f5f7f11d50a3a" className="TestLib.ClubTest, TestLib, Version=1.0.0.0, Culture=neutral, PublicKeyToken=null" name="ToStringTest" />
    </UnitTest>
    <UnitTest name="AwayGoalsTest" storage="c:\users\savinien lucbereilh\desktop\atelier3\testlib\bin\debug\testlib.dll" id="194936c4-fe2b-2b9f-b4b2-066396265d61">
      <Execution id="7a14653b-4e74-4da9-9098-97f5506bbc37" />
      <TestMethod codeBase="C:/Users/Savinien Lucbereilh/Desktop/Atelier3/TestLib/bin/Debug/TestLib.DLL" adapterTypeName="Microsoft.VisualStudio.TestTools.TestTypes.Unit.UnitTestAdapter, Microsoft.VisualStudio.QualityTools.Tips.UnitTest.Adapter, Version=10.0.0.0, Culture=neutral, PublicKeyToken=b03f5f7f11d50a3a" className="TestLib.MatchTest, TestLib, Version=1.0.0.0, Culture=neutral, PublicKeyToken=null" name="AwayGoalsTest" />
    </UnitTest>
    <UnitTest name="HomeGoalsTest" storage="c:\users\savinien lucbereilh\desktop\atelier3\testlib\bin\debug\testlib.dll" id="8f21de7f-e6ed-dea1-95c4-5748718260ef">
      <Execution id="20f7f88a-67c5-423a-a9b4-54c427f60b42" />
      <TestMethod codeBase="C:/Users/Savinien Lucbereilh/Desktop/Atelier3/TestLib/bin/Debug/TestLib.DLL" adapterTypeName="Microsoft.VisualStudio.TestTools.TestTypes.Unit.UnitTestAdapter, Microsoft.VisualStudio.QualityTools.Tips.UnitTest.Adapter, Version=10.0.0.0, Culture=neutral, PublicKeyToken=b03f5f7f11d50a3a" className="TestLib.MatchTest, TestLib, Version=1.0.0.0, Culture=neutral, PublicKeyToken=null" name="HomeGoalsTest" />
    </UnitTest>
    <UnitTest name="IsAwayForfeitTest" storage="c:\users\savinien lucbereilh\desktop\atelier3\testlib\bin\debug\testlib.dll" id="b37b4a3e-f19e-d63a-58cf-b36a289255bd">
      <Execution id="aecb13f1-137d-4da3-a7a8-546b22d0cbe4" />
      <TestMethod codeBase="C:/Users/Savinien Lucbereilh/Desktop/Atelier3/TestLib/bin/Debug/TestLib.DLL" adapterTypeName="Microsoft.VisualStudio.TestTools.TestTypes.Unit.UnitTestAdapter, Microsoft.VisualStudio.QualityTools.Tips.UnitTest.Adapter, Version=10.0.0.0, Culture=neutral, PublicKeyToken=b03f5f7f11d50a3a" className="TestLib.MatchTest, TestLib, Version=1.0.0.0, Culture=neutral, PublicKeyToken=null" name="IsAwayForfeitTest" />
    </UnitTest>
    <UnitTest name="isDrawTest" storage="c:\users\savinien lucbereilh\desktop\atelier3\testlib\bin\debug\testlib.dll" id="f1c00562-9ca6-f0a2-2ac5-2229cd1f8c73">
      <Execution id="748e600b-f5bd-4141-a8c7-1783021c845c" />
      <TestMethod codeBase="C:/Users/Savinien Lucbereilh/Desktop/Atelier3/TestLib/bin/Debug/TestLib.DLL" adapterTypeName="Microsoft.VisualStudio.TestTools.TestTypes.Unit.UnitTestAdapter, Microsoft.VisualStudio.QualityTools.Tips.UnitTest.Adapter, Version=10.0.0.0, Culture=neutral, PublicKeyToken=b03f5f7f11d50a3a" className="TestLib.MatchTest, TestLib, Version=1.0.0.0, Culture=neutral, PublicKeyToken=null" name="isDrawTest" />
    </UnitTest>
    <UnitTest name="isHomeForfaitTest" storage="c:\users\savinien lucbereilh\desktop\atelier3\testlib\bin\debug\testlib.dll" id="15aa387b-d797-9a10-ac96-f9f5828fde23">
      <Execution id="416dabb1-a54f-45fe-bb59-6efbfa01787d" />
      <TestMethod codeBase="C:/Users/Savinien Lucbereilh/Desktop/Atelier3/TestLib/bin/Debug/TestLib.DLL" adapterTypeName="Microsoft.VisualStudio.TestTools.TestTypes.Unit.UnitTestAdapter, Microsoft.VisualStudio.QualityTools.Tips.UnitTest.Adapter, Version=10.0.0.0, Culture=neutral, PublicKeyToken=b03f5f7f11d50a3a" className="TestLib.MatchTest, TestLib, Version=1.0.0.0, Culture=neutral, PublicKeyToken=null" name="isHomeForfaitTest" />
    </UnitTest>
    <UnitTest name="HomeTest" storage="c:\users\savinien lucbereilh\desktop\atelier3\testlib\bin\debug\testlib.dll" id="cf74f09b-0c62-461e-813a-423683b12a7e">
      <Execution id="73eae112-4e28-4020-9115-c45665be6104" />
      <TestMethod codeBase="C:/Users/Savinien Lucbereilh/Desktop/Atelier3/TestLib/bin/Debug/TestLib.DLL" adapterTypeName="Microsoft.VisualStudio.TestTools.TestTypes.Unit.UnitTestAdapter, Microsoft.VisualStudio.QualityTools.Tips.UnitTest.Adapter, Version=10.0.0.0, Culture=neutral, PublicKeyToken=b03f5f7f11d50a3a" className="TestLib.MatchTest, TestLib, Version=1.0.0.0, Culture=neutral, PublicKeyToken=null" name="HomeTest" />
    </UnitTest>
    <UnitTest name="MatchConstructorTest1" storage="c:\users\savinien lucbereilh\desktop\atelier3\testlib\bin\debug\testlib.dll" id="60f2211b-2c11-d413-6cbd-8c9306c8eb14">
      <Execution id="a8eada7e-8933-44d9-9a48-7108586e926a" />
      <TestMethod codeBase="C:/Users/Savinien Lucbereilh/Desktop/Atelier3/TestLib/bin/Debug/TestLib.DLL" adapterTypeName="Microsoft.VisualStudio.TestTools.TestTypes.Unit.UnitTestAdapter, Microsoft.VisualStudio.QualityTools.Tips.UnitTest.Adapter, Version=10.0.0.0, Culture=neutral, PublicKeyToken=b03f5f7f11d50a3a" className="TestLib.MatchTest, TestLib, Version=1.0.0.0, Culture=neutral, PublicKeyToken=null" name="MatchConstructorTest1" />
    </UnitTest>
    <UnitTest name="AwayTest" storage="c:\users\savinien lucbereilh\desktop\atelier3\testlib\bin\debug\testlib.dll" id="1ed9e0b8-b917-981f-1adf-4d3988eb679a">
      <Execution id="a32175b1-e7e5-4ccf-8d7d-84e744d96418" />
      <TestMethod codeBase="C:/Users/Savinien Lucbereilh/Desktop/Atelier3/TestLib/bin/Debug/TestLib.DLL" adapterTypeName="Microsoft.VisualStudio.TestTools.TestTypes.Unit.UnitTestAdapter, Microsoft.VisualStudio.QualityTools.Tips.UnitTest.Adapter, Version=10.0.0.0, Culture=neutral, PublicKeyToken=b03f5f7f11d50a3a" className="TestLib.MatchTest, TestLib, Version=1.0.0.0, Culture=neutral, PublicKeyToken=null" name="AwayTest" />
    </UnitTest>
  </TestDefinitions>
  <TestLists>
    <TestList name="Les résultats ne figurent pas dans une liste" id="8c84fa94-04c1-424b-9868-57a2d4851a1d" />
    <TestList name="Tous les résultats chargés" id="19431567-8539-422a-85d7-44ee4e166bda" />
  </TestLists>
  <TestEntries>
    <TestEntry testId="15aa387b-d797-9a10-ac96-f9f5828fde23" executionId="416dabb1-a54f-45fe-bb59-6efbfa01787d" testListId="8c84fa94-04c1-424b-9868-57a2d4851a1d" />
    <TestEntry testId="194936c4-fe2b-2b9f-b4b2-066396265d61" executionId="7a14653b-4e74-4da9-9098-97f5506bbc37" testListId="8c84fa94-04c1-424b-9868-57a2d4851a1d" />
    <TestEntry testId="1ed9e0b8-b917-981f-1adf-4d3988eb679a" executionId="a32175b1-e7e5-4ccf-8d7d-84e744d96418" testListId="8c84fa94-04c1-424b-9868-57a2d4851a1d" />
    <TestEntry testId="60f2211b-2c11-d413-6cbd-8c9306c8eb14" executionId="a8eada7e-8933-44d9-9a48-7108586e926a" testListId="8c84fa94-04c1-424b-9868-57a2d4851a1d" />
    <TestEntry testId="712b1bb1-36fa-ee91-72c9-ed3069e025e6" executionId="b5d2378b-b74b-450b-a7bf-aa41ff0b2d2c" testListId="8c84fa94-04c1-424b-9868-57a2d4851a1d" />
    <TestEntry testId="8ccd64cc-b635-9759-0fd0-44c225be0f93" executionId="a366a674-3e27-4bed-a089-9665d39f6cca" testListId="8c84fa94-04c1-424b-9868-57a2d4851a1d" />
    <TestEntry testId="8f21de7f-e6ed-dea1-95c4-5748718260ef" executionId="20f7f88a-67c5-423a-a9b4-54c427f60b42" testListId="8c84fa94-04c1-424b-9868-57a2d4851a1d" />
    <TestEntry testId="b37b4a3e-f19e-d63a-58cf-b36a289255bd" executionId="aecb13f1-137d-4da3-a7a8-546b22d0cbe4" testListId="8c84fa94-04c1-424b-9868-57a2d4851a1d" />
    <TestEntry testId="cf74f09b-0c62-461e-813a-423683b12a7e" executionId="73eae112-4e28-4020-9115-c45665be6104" testListId="8c84fa94-04c1-424b-9868-57a2d4851a1d" />
    <TestEntry testId="f1c00562-9ca6-f0a2-2ac5-2229cd1f8c73" executionId="748e600b-f5bd-4141-a8c7-1783021c845c" testListId="8c84fa94-04c1-424b-9868-57a2d4851a1d" />
    <TestEntry testId="fb20f93f-ac1d-bdac-90f8-b409b3174262" executionId="449defc2-25ab-435e-ae6e-80dc6971013b" testListId="8c84fa94-04c1-424b-9868-57a2d4851a1d" />
  </TestEntries>
  <Results>
    <UnitTestResult executionId="416dabb1-a54f-45fe-bb59-6efbfa01787d" testId="15aa387b-d797-9a10-ac96-f9f5828fde23" testName="isHomeForfaitTest" computerName="SAVINIEN" duration="00:00:00.0121404" startTime="2013-03-04T20:30:02.0866241+01:00" endTime="2013-03-04T20:30:02.2575591+01:00" testType="13cdc9d9-ddb5-4fa4-a97d-d965ccfc6d4b" outcome="Passed" testListId="8c84fa94-04c1-424b-9868-57a2d4851a1d" relativeResultsDirectory="416dabb1-a54f-45fe-bb59-6efbfa01787d">
    </UnitTestResult>
    <UnitTestResult executionId="7a14653b-4e74-4da9-9098-97f5506bbc37" testId="194936c4-fe2b-2b9f-b4b2-066396265d61" testName="AwayGoalsTest" computerName="SAVINIEN" duration="00:00:00.0009254" startTime="2013-03-04T20:30:02.2594807+01:00" endTime="2013-03-04T20:30:02.2633871+01:00" testType="13cdc9d9-ddb5-4fa4-a97d-d965ccfc6d4b" outcome="Passed" testListId="8c84fa94-04c1-424b-9868-57a2d4851a1d" relativeResultsDirectory="7a14653b-4e74-4da9-9098-97f5506bbc37">
    </UnitTestResult>
    <UnitTestResult executionId="a32175b1-e7e5-4ccf-8d7d-84e744d96418" testId="1ed9e0b8-b917-981f-1adf-4d3988eb679a" testName="AwayTest" computerName="SAVINIEN" duration="00:00:00.0003537" startTime="2013-03-04T20:30:02.2653404+01:00" endTime="2013-03-04T20:30:02.2683060+01:00" testType="13cdc9d9-ddb5-4fa4-a97d-d965ccfc6d4b" outcome="Passed" testListId="8c84fa94-04c1-424b-9868-57a2d4851a1d" relativeResultsDirectory="a32175b1-e7e5-4ccf-8d7d-84e744d96418">
    </UnitTestResult>
    <UnitTestResult executionId="a8eada7e-8933-44d9-9a48-7108586e926a" testId="60f2211b-2c11-d413-6cbd-8c9306c8eb14" testName="MatchConstructorTest1" computerName="SAVINIEN" duration="00:00:00.0002627" startTime="2013-03-04T20:30:02.2692468+01:00" endTime="2013-03-04T20:30:02.2721917+01:00" testType="13cdc9d9-ddb5-4fa4-a97d-d965ccfc6d4b" outcome="Passed" testListId="8c84fa94-04c1-424b-9868-57a2d4851a1d" relativeResultsDirectory="a8eada7e-8933-44d9-9a48-7108586e926a">
    </UnitTestResult>
    <UnitTestResult executionId="b5d2378b-b74b-450b-a7bf-aa41ff0b2d2c" testId="712b1bb1-36fa-ee91-72c9-ed3069e025e6" testName="MatchConstructorTest" computerName="SAVINIEN" duration="00:00:00.0002715" startTime="2013-03-04T20:30:02.2741436+01:00" endTime="2013-03-04T20:30:02.2761011+01:00" testType="13cdc9d9-ddb5-4fa4-a97d-d965ccfc6d4b" outcome="Passed" testListId="8c84fa94-04c1-424b-9868-57a2d4851a1d" relativeResultsDirectory="b5d2378b-b74b-450b-a7bf-aa41ff0b2d2c">
    </UnitTestResult>
    <UnitTestResult executionId="a366a674-3e27-4bed-a089-9665d39f6cca" testId="8ccd64cc-b635-9759-0fd0-44c225be0f93" testName="ToStringTest" computerName="SAVINIEN" duration="00:00:00.0003288" startTime="2013-03-04T20:30:02.2780679+01:00" endTime="2013-03-04T20:30:02.2809650+01:00" testType="13cdc9d9-ddb5-4fa4-a97d-d965ccfc6d4b" outcome="Passed" testListId="8c84fa94-04c1-424b-9868-57a2d4851a1d" relativeResultsDirectory="a366a674-3e27-4bed-a089-9665d39f6cca">
    </UnitTestResult>
    <UnitTestResult executionId="20f7f88a-67c5-423a-a9b4-54c427f60b42" testId="8f21de7f-e6ed-dea1-95c4-5748718260ef" testName="HomeGoalsTest" computerName="SAVINIEN" duration="00:00:00.0002244" startTime="2013-03-04T20:30:02.2829341+01:00" endTime="2013-03-04T20:30:02.2848859+01:00" testType="13cdc9d9-ddb5-4fa4-a97d-d965ccfc6d4b" outcome="Passed" testListId="8c84fa94-04c1-424b-9868-57a2d4851a1d" relativeResultsDirectory="20f7f88a-67c5-423a-a9b4-54c427f60b42">
    </UnitTestResult>
    <UnitTestResult executionId="aecb13f1-137d-4da3-a7a8-546b22d0cbe4" testId="b37b4a3e-f19e-d63a-58cf-b36a289255bd" testName="IsAwayForfeitTest" computerName="SAVINIEN" duration="00:00:00.0001996" startTime="2013-03-04T20:30:02.2868290+01:00" endTime="2013-03-04T20:30:02.2887969+01:00" testType="13cdc9d9-ddb5-4fa4-a97d-d965ccfc6d4b" outcome="Passed" testListId="8c84fa94-04c1-424b-9868-57a2d4851a1d" relativeResultsDirectory="aecb13f1-137d-4da3-a7a8-546b22d0cbe4">
    </UnitTestResult>
    <UnitTestResult executionId="73eae112-4e28-4020-9115-c45665be6104" testId="cf74f09b-0c62-461e-813a-423683b12a7e" testName="HomeTest" computerName="SAVINIEN" duration="00:00:00.0001372" startTime="2013-03-04T20:30:02.2907311+01:00" endTime="2013-03-04T20:30:02.2927009+01:00" testType="13cdc9d9-ddb5-4fa4-a97d-d965ccfc6d4b" outcome="Passed" testListId="8c84fa94-04c1-424b-9868-57a2d4851a1d" relativeResultsDirectory="73eae112-4e28-4020-9115-c45665be6104">
    </UnitTestResult>
    <UnitTestResult executionId="748e600b-f5bd-4141-a8c7-1783021c845c" testId="f1c00562-9ca6-f0a2-2ac5-2229cd1f8c73" testName="isDrawTest" computerName="SAVINIEN" duration="00:00:00.0002156" startTime="2013-03-04T20:30:02.3102823+01:00" endTime="2013-03-04T20:30:02.3132288+01:00" testType="13cdc9d9-ddb5-4fa4-a97d-d965ccfc6d4b" outcome="Passed" testListId="8c84fa94-04c1-424b-9868-57a2d4851a1d" relativeResultsDirectory="748e600b-f5bd-4141-a8c7-1783021c845c">
    </UnitTestResult>
    <UnitTestResult executionId="449defc2-25ab-435e-ae6e-80dc6971013b" testId="fb20f93f-ac1d-bdac-90f8-b409b3174262" testName="ClubConstructorTest" computerName="SAVINIEN" duration="00:00:00.0001239" startTime="2013-03-04T20:30:02.3151749+01:00" endTime="2013-03-04T20:30:02.3171122+01:00" testType="13cdc9d9-ddb5-4fa4-a97d-d965ccfc6d4b" outcome="Passed" testListId="8c84fa94-04c1-424b-9868-57a2d4851a1d" relativeResultsDirectory="449defc2-25ab-435e-ae6e-80dc6971013b">
    </UnitTestResult>
  </Results>
</TestRun>