<?xml version="1.0" encoding="UTF-8"?>
<TestRun id="cfd707f3-7313-45a7-addc-71ceebf6c9b1" name="Savinien Lucbereilh@SAVINIEN 2013-03-04 20:29:41" runUser="Savinien\Savinien Lucbereilh" xmlns="http://microsoft.com/schemas/VisualStudio/TeamTest/2010">
  <TestSettings name="Local" id="964a3fb8-e917-4ad7-862c-0ef62600ef40">
    <Description>Il s'agit des paramètres de test par défaut pour une série de tests locale.</Description>
    <Deployment enabled="false" runDeploymentRoot="Savinien Lucbereilh_SAVINIEN 2013-03-04 20_29_41">
      <DeploymentItem filename="C:\Users\Savinien Lucbereilh\Desktop\Atelier3\Lib\bin\Debug\Lib.dll" />
    </Deployment>
    <Execution>
      <TestTypeSpecific />
      <AgentRule name="Execution Agents">
      </AgentRule>
    </Execution>
  </TestSettings>
  <Times creation="2013-03-04T20:29:41.6339154+01:00" queuing="2013-03-04T20:29:41.7813763+01:00" start="2013-03-04T20:29:41.8155281+01:00" finish="2013-03-04T20:29:42.0909397+01:00" />
  <ResultSummary outcome="Completed">
    <Counters total="11" executed="11" passed="11" error="0" failed="0" timeout="0" aborted="0" inconclusive="0" passedButRunAborted="0" notRunnable="0" notExecuted="0" disconnected="0" warning="0" completed="0" inProgress="0" pending="0" />
  </ResultSummary>
  <TestDefinitions>
    <UnitTest name="ClubConstructorTest" storage="c:\users\savinien lucbereilh\desktop\atelier3\testlib\bin\debug\testlib.dll" id="fb20f93f-ac1d-bdac-90f8-b409b3174262">
      <Execution id="52b771d9-f0b0-44a9-bbed-ca7277535c0a" />
      <TestMethod codeBase="C:/Users/Savinien Lucbereilh/Desktop/Atelier3/TestLib/bin/Debug/TestLib.DLL" adapterTypeName="Microsoft.VisualStudio.TestTools.TestTypes.Unit.UnitTestAdapter, Microsoft.VisualStudio.QualityTools.Tips.UnitTest.Adapter, Version=10.0.0.0, Culture=neutral, PublicKeyToken=b03f5f7f11d50a3a" className="TestLib.ClubTest, TestLib, Version=1.0.0.0, Culture=neutral, PublicKeyToken=null" name="ClubConstructorTest" />
    </UnitTest>
    <UnitTest name="MatchConstructorTest" storage="c:\users\savinien lucbereilh\desktop\atelier3\testlib\bin\debug\testlib.dll" id="712b1bb1-36fa-ee91-72c9-ed3069e025e6">
      <Execution id="14b1a9b7-69a3-4756-91ea-24012b1a39b0" />
      <TestMethod codeBase="C:/Users/Savinien Lucbereilh/Desktop/Atelier3/TestLib/bin/Debug/TestLib.DLL" adapterTypeName="Microsoft.VisualStudio.TestTools.TestTypes.Unit.UnitTestAdapter, Microsoft.VisualStudio.QualityTools.Tips.UnitTest.Adapter, Version=10.0.0.0, Culture=neutral, PublicKeyToken=b03f5f7f11d50a3a" className="TestLib.MatchTest, TestLib, Version=1.0.0.0, Culture=neutral, PublicKeyToken=null" name="MatchConstructorTest" />
    </UnitTest>
    <UnitTest name="ToStringTest" storage="c:\users\savinien lucbereilh\desktop\atelier3\testlib\bin\debug\testlib.dll" id="8ccd64cc-b635-9759-0fd0-44c225be0f93">
      <Execution id="a8766366-0a1a-4187-95c6-a9972f9a2ded" />
      <TestMethod codeBase="C:/Users/Savinien Lucbereilh/Desktop/Atelier3/TestLib/bin/Debug/TestLib.DLL" adapterTypeName="Microsoft.VisualStudio.TestTools.TestTypes.Unit.UnitTestAdapter, Microsoft.VisualStudio.QualityTools.Tips.UnitTest.Adapter, Version=10.0.0.0, Culture=neutral, PublicKeyToken=b03f5f7f11d50a3a" className="TestLib.ClubTest, TestLib, Version=1.0.0.0, Culture=neutral, PublicKeyToken=null" name="ToStringTest" />
    </UnitTest>
    <UnitTest name="AwayGoalsTest" storage="c:\users\savinien lucbereilh\desktop\atelier3\testlib\bin\debug\testlib.dll" id="194936c4-fe2b-2b9f-b4b2-066396265d61">
      <Execution id="55724d8f-3088-40c4-9ab0-f09f4f03968f" />
      <TestMethod codeBase="C:/Users/Savinien Lucbereilh/Desktop/Atelier3/TestLib/bin/Debug/TestLib.DLL" adapterTypeName="Microsoft.VisualStudio.TestTools.TestTypes.Unit.UnitTestAdapter, Microsoft.VisualStudio.QualityTools.Tips.UnitTest.Adapter, Version=10.0.0.0, Culture=neutral, PublicKeyToken=b03f5f7f11d50a3a" className="TestLib.MatchTest, TestLib, Version=1.0.0.0, Culture=neutral, PublicKeyToken=null" name="AwayGoalsTest" />
    </UnitTest>
    <UnitTest name="HomeGoalsTest" storage="c:\users\savinien lucbereilh\desktop\atelier3\testlib\bin\debug\testlib.dll" id="8f21de7f-e6ed-dea1-95c4-5748718260ef">
      <Execution id="53638490-68fe-4368-82e5-eab2ccfe4ca1" />
      <TestMethod codeBase="C:/Users/Savinien Lucbereilh/Desktop/Atelier3/TestLib/bin/Debug/TestLib.DLL" adapterTypeName="Microsoft.VisualStudio.TestTools.TestTypes.Unit.UnitTestAdapter, Microsoft.VisualStudio.QualityTools.Tips.UnitTest.Adapter, Version=10.0.0.0, Culture=neutral, PublicKeyToken=b03f5f7f11d50a3a" className="TestLib.MatchTest, TestLib, Version=1.0.0.0, Culture=neutral, PublicKeyToken=null" name="HomeGoalsTest" />
    </UnitTest>
    <UnitTest name="IsAwayForfeitTest" storage="c:\users\savinien lucbereilh\desktop\atelier3\testlib\bin\debug\testlib.dll" id="b37b4a3e-f19e-d63a-58cf-b36a289255bd">
      <Execution id="81325d30-3b04-494b-860b-b1bb33ed0838" />
      <TestMethod codeBase="C:/Users/Savinien Lucbereilh/Desktop/Atelier3/TestLib/bin/Debug/TestLib.DLL" adapterTypeName="Microsoft.VisualStudio.TestTools.TestTypes.Unit.UnitTestAdapter, Microsoft.VisualStudio.QualityTools.Tips.UnitTest.Adapter, Version=10.0.0.0, Culture=neutral, PublicKeyToken=b03f5f7f11d50a3a" className="TestLib.MatchTest, TestLib, Version=1.0.0.0, Culture=neutral, PublicKeyToken=null" name="IsAwayForfeitTest" />
    </UnitTest>
    <UnitTest name="isDrawTest" storage="c:\users\savinien lucbereilh\desktop\atelier3\testlib\bin\debug\testlib.dll" id="f1c00562-9ca6-f0a2-2ac5-2229cd1f8c73">
      <Execution id="546635ee-2101-4b80-a8f7-176c4e1f0589" />
      <TestMethod codeBase="C:/Users/Savinien Lucbereilh/Desktop/Atelier3/TestLib/bin/Debug/TestLib.DLL" adapterTypeName="Microsoft.VisualStudio.TestTools.TestTypes.Unit.UnitTestAdapter, Microsoft.VisualStudio.QualityTools.Tips.UnitTest.Adapter, Version=10.0.0.0, Culture=neutral, PublicKeyToken=b03f5f7f11d50a3a" className="TestLib.MatchTest, TestLib, Version=1.0.0.0, Culture=neutral, PublicKeyToken=null" name="isDrawTest" />
    </UnitTest>
    <UnitTest name="isHomeForfaitTest" storage="c:\users\savinien lucbereilh\desktop\atelier3\testlib\bin\debug\testlib.dll" id="15aa387b-d797-9a10-ac96-f9f5828fde23">
      <Execution id="b00840da-b8d8-4d4f-933d-891706cf497e" />
      <TestMethod codeBase="C:/Users/Savinien Lucbereilh/Desktop/Atelier3/TestLib/bin/Debug/TestLib.DLL" adapterTypeName="Microsoft.VisualStudio.TestTools.TestTypes.Unit.UnitTestAdapter, Microsoft.VisualStudio.QualityTools.Tips.UnitTest.Adapter, Version=10.0.0.0, Culture=neutral, PublicKeyToken=b03f5f7f11d50a3a" className="TestLib.MatchTest, TestLib, Version=1.0.0.0, Culture=neutral, PublicKeyToken=null" name="isHomeForfaitTest" />
    </UnitTest>
    <UnitTest name="HomeTest" storage="c:\users\savinien lucbereilh\desktop\atelier3\testlib\bin\debug\testlib.dll" id="cf74f09b-0c62-461e-813a-423683b12a7e">
      <Execution id="59f71e73-3fdd-4c61-9aac-da34e0a7ca55" />
      <TestMethod codeBase="C:/Users/Savinien Lucbereilh/Desktop/Atelier3/TestLib/bin/Debug/TestLib.DLL" adapterTypeName="Microsoft.VisualStudio.TestTools.TestTypes.Unit.UnitTestAdapter, Microsoft.VisualStudio.QualityTools.Tips.UnitTest.Adapter, Version=10.0.0.0, Culture=neutral, PublicKeyToken=b03f5f7f11d50a3a" className="TestLib.MatchTest, TestLib, Version=1.0.0.0, Culture=neutral, PublicKeyToken=null" name="HomeTest" />
    </UnitTest>
    <UnitTest name="MatchConstructorTest1" storage="c:\users\savinien lucbereilh\desktop\atelier3\testlib\bin\debug\testlib.dll" id="60f2211b-2c11-d413-6cbd-8c9306c8eb14">
      <Execution id="c84a7139-7354-459d-b429-957a7ec2acc4" />
      <TestMethod codeBase="C:/Users/Savinien Lucbereilh/Desktop/Atelier3/TestLib/bin/Debug/TestLib.DLL" adapterTypeName="Microsoft.VisualStudio.TestTools.TestTypes.Unit.UnitTestAdapter, Microsoft.VisualStudio.QualityTools.Tips.UnitTest.Adapter, Version=10.0.0.0, Culture=neutral, PublicKeyToken=b03f5f7f11d50a3a" className="TestLib.MatchTest, TestLib, Version=1.0.0.0, Culture=neutral, PublicKeyToken=null" name="MatchConstructorTest1" />
    </UnitTest>
    <UnitTest name="AwayTest" storage="c:\users\savinien lucbereilh\desktop\atelier3\testlib\bin\debug\testlib.dll" id="1ed9e0b8-b917-981f-1adf-4d3988eb679a">
      <Execution id="744e72a6-66db-461a-b897-467b23e62c97" />
      <TestMethod codeBase="C:/Users/Savinien Lucbereilh/Desktop/Atelier3/TestLib/bin/Debug/TestLib.DLL" adapterTypeName="Microsoft.VisualStudio.TestTools.TestTypes.Unit.UnitTestAdapter, Microsoft.VisualStudio.QualityTools.Tips.UnitTest.Adapter, Version=10.0.0.0, Culture=neutral, PublicKeyToken=b03f5f7f11d50a3a" className="TestLib.MatchTest, TestLib, Version=1.0.0.0, Culture=neutral, PublicKeyToken=null" name="AwayTest" />
    </UnitTest>
  </TestDefinitions>
  <TestLists>
    <TestList name="Les résultats ne figurent pas dans une liste" id="8c84fa94-04c1-424b-9868-57a2d4851a1d" />
    <TestList name="Tous les résultats chargés" id="19431567-8539-422a-85d7-44ee4e166bda" />
  </TestLists>
  <TestEntries>
    <TestEntry testId="15aa387b-d797-9a10-ac96-f9f5828fde23" executionId="b00840da-b8d8-4d4f-933d-891706cf497e" testListId="8c84fa94-04c1-424b-9868-57a2d4851a1d" />
    <TestEntry testId="194936c4-fe2b-2b9f-b4b2-066396265d61" executionId="55724d8f-3088-40c4-9ab0-f09f4f03968f" testListId="8c84fa94-04c1-424b-9868-57a2d4851a1d" />
    <TestEntry testId="1ed9e0b8-b917-981f-1adf-4d3988eb679a" executionId="744e72a6-66db-461a-b897-467b23e62c97" testListId="8c84fa94-04c1-424b-9868-57a2d4851a1d" />
    <TestEntry testId="60f2211b-2c11-d413-6cbd-8c9306c8eb14" executionId="c84a7139-7354-459d-b429-957a7ec2acc4" testListId="8c84fa94-04c1-424b-9868-57a2d4851a1d" />
    <TestEntry testId="712b1bb1-36fa-ee91-72c9-ed3069e025e6" executionId="14b1a9b7-69a3-4756-91ea-24012b1a39b0" testListId="8c84fa94-04c1-424b-9868-57a2d4851a1d" />
    <TestEntry testId="8ccd64cc-b635-9759-0fd0-44c225be0f93" executionId="a8766366-0a1a-4187-95c6-a9972f9a2ded" testListId="8c84fa94-04c1-424b-9868-57a2d4851a1d" />
    <TestEntry testId="8f21de7f-e6ed-dea1-95c4-5748718260ef" executionId="53638490-68fe-4368-82e5-eab2ccfe4ca1" testListId="8c84fa94-04c1-424b-9868-57a2d4851a1d" />
    <TestEntry testId="b37b4a3e-f19e-d63a-58cf-b36a289255bd" executionId="81325d30-3b04-494b-860b-b1bb33ed0838" testListId="8c84fa94-04c1-424b-9868-57a2d4851a1d" />
    <TestEntry testId="cf74f09b-0c62-461e-813a-423683b12a7e" executionId="59f71e73-3fdd-4c61-9aac-da34e0a7ca55" testListId="8c84fa94-04c1-424b-9868-57a2d4851a1d" />
    <TestEntry testId="f1c00562-9ca6-f0a2-2ac5-2229cd1f8c73" executionId="546635ee-2101-4b80-a8f7-176c4e1f0589" testListId="8c84fa94-04c1-424b-9868-57a2d4851a1d" />
    <TestEntry testId="fb20f93f-ac1d-bdac-90f8-b409b3174262" executionId="52b771d9-f0b0-44a9-bbed-ca7277535c0a" testListId="8c84fa94-04c1-424b-9868-57a2d4851a1d" />
  </TestEntries>
  <Results>
    <UnitTestResult executionId="b00840da-b8d8-4d4f-933d-891706cf497e" testId="15aa387b-d797-9a10-ac96-f9f5828fde23" testName="isHomeForfaitTest" computerName="SAVINIEN" duration="00:00:00.0120184" startTime="2013-03-04T20:29:41.8204111+01:00" endTime="2013-03-04T20:29:41.9903942+01:00" testType="13cdc9d9-ddb5-4fa4-a97d-d965ccfc6d4b" outcome="Passed" testListId="8c84fa94-04c1-424b-9868-57a2d4851a1d" relativeResultsDirectory="b00840da-b8d8-4d4f-933d-891706cf497e">
    </UnitTestResult>
    <UnitTestResult executionId="55724d8f-3088-40c4-9ab0-f09f4f03968f" testId="194936c4-fe2b-2b9f-b4b2-066396265d61" testName="AwayGoalsTest" computerName="SAVINIEN" duration="00:00:00.0008026" startTime="2013-03-04T20:29:41.9922921+01:00" endTime="2013-03-04T20:29:41.9952207+01:00" testType="13cdc9d9-ddb5-4fa4-a97d-d965ccfc6d4b" outcome="Passed" testListId="8c84fa94-04c1-424b-9868-57a2d4851a1d" relativeResultsDirectory="55724d8f-3088-40c4-9ab0-f09f4f03968f">
    </UnitTestResult>
    <UnitTestResult executionId="744e72a6-66db-461a-b897-467b23e62c97" testId="1ed9e0b8-b917-981f-1adf-4d3988eb679a" testName="AwayTest" computerName="SAVINIEN" duration="00:00:00.0003166" startTime="2013-03-04T20:29:41.9971744+01:00" endTime="2013-03-04T20:29:42.0001037+01:00" testType="13cdc9d9-ddb5-4fa4-a97d-d965ccfc6d4b" outcome="Passed" testListId="8c84fa94-04c1-424b-9868-57a2d4851a1d" relativeResultsDirectory="744e72a6-66db-461a-b897-467b23e62c97">
    </UnitTestResult>
    <UnitTestResult executionId="c84a7139-7354-459d-b429-957a7ec2acc4" testId="60f2211b-2c11-d413-6cbd-8c9306c8eb14" testName="MatchConstructorTest1" computerName="SAVINIEN" duration="00:00:00.0002581" startTime="2013-03-04T20:29:42.0021106+01:00" endTime="2013-03-04T20:29:42.0049867+01:00" testType="13cdc9d9-ddb5-4fa4-a97d-d965ccfc6d4b" outcome="Passed" testListId="8c84fa94-04c1-424b-9868-57a2d4851a1d" relativeResultsDirectory="c84a7139-7354-459d-b429-957a7ec2acc4">
    </UnitTestResult>
    <UnitTestResult executionId="14b1a9b7-69a3-4756-91ea-24012b1a39b0" testId="712b1bb1-36fa-ee91-72c9-ed3069e025e6" testName="MatchConstructorTest" computerName="SAVINIEN" duration="00:00:00.0002604" startTime="2013-03-04T20:29:42.0059909+01:00" endTime="2013-03-04T20:29:42.0089106+01:00" testType="13cdc9d9-ddb5-4fa4-a97d-d965ccfc6d4b" outcome="Passed" testListId="8c84fa94-04c1-424b-9868-57a2d4851a1d" relativeResultsDirectory="14b1a9b7-69a3-4756-91ea-24012b1a39b0">
    </UnitTestResult>
    <UnitTestResult executionId="a8766366-0a1a-4187-95c6-a9972f9a2ded" testId="8ccd64cc-b635-9759-0fd0-44c225be0f93" testName="ToStringTest" computerName="SAVINIEN" duration="00:00:00.0002971" startTime="2013-03-04T20:29:42.0099091+01:00" endTime="2013-03-04T20:29:42.0127994+01:00" testType="13cdc9d9-ddb5-4fa4-a97d-d965ccfc6d4b" outcome="Passed" testListId="8c84fa94-04c1-424b-9868-57a2d4851a1d" relativeResultsDirectory="a8766366-0a1a-4187-95c6-a9972f9a2ded">
    </UnitTestResult>
    <UnitTestResult executionId="53638490-68fe-4368-82e5-eab2ccfe4ca1" testId="8f21de7f-e6ed-dea1-95c4-5748718260ef" testName="HomeGoalsTest" computerName="SAVINIEN" duration="00:00:00.0002149" startTime="2013-03-04T20:29:42.0147528+01:00" endTime="2013-03-04T20:29:42.0176828+01:00" testType="13cdc9d9-ddb5-4fa4-a97d-d965ccfc6d4b" outcome="Passed" testListId="8c84fa94-04c1-424b-9868-57a2d4851a1d" relativeResultsDirectory="53638490-68fe-4368-82e5-eab2ccfe4ca1">
    </UnitTestResult>
    <UnitTestResult executionId="81325d30-3b04-494b-860b-b1bb33ed0838" testId="b37b4a3e-f19e-d63a-58cf-b36a289255bd" testName="IsAwayForfeitTest" computerName="SAVINIEN" duration="00:00:00.0002068" startTime="2013-03-04T20:29:42.0186595+01:00" endTime="2013-03-04T20:29:42.0215884+01:00" testType="13cdc9d9-ddb5-4fa4-a97d-d965ccfc6d4b" outcome="Passed" testListId="8c84fa94-04c1-424b-9868-57a2d4851a1d" relativeResultsDirectory="81325d30-3b04-494b-860b-b1bb33ed0838">
    </UnitTestResult>
    <UnitTestResult executionId="59f71e73-3fdd-4c61-9aac-da34e0a7ca55" testId="cf74f09b-0c62-461e-813a-423683b12a7e" testName="HomeTest" computerName="SAVINIEN" duration="00:00:00.0001388" startTime="2013-03-04T20:29:42.0235800+01:00" endTime="2013-03-04T20:29:42.0254944+01:00" testType="13cdc9d9-ddb5-4fa4-a97d-d965ccfc6d4b" outcome="Passed" testListId="8c84fa94-04c1-424b-9868-57a2d4851a1d" relativeResultsDirectory="59f71e73-3fdd-4c61-9aac-da34e0a7ca55">
    </UnitTestResult>
    <UnitTestResult executionId="546635ee-2101-4b80-a8f7-176c4e1f0589" testId="f1c00562-9ca6-f0a2-2ac5-2229cd1f8c73" testName="isDrawTest" computerName="SAVINIEN" duration="00:00:00.0002149" startTime="2013-03-04T20:29:42.0274477+01:00" endTime="2013-03-04T20:29:42.0303781+01:00" testType="13cdc9d9-ddb5-4fa4-a97d-d965ccfc6d4b" outcome="Passed" testListId="8c84fa94-04c1-424b-9868-57a2d4851a1d" relativeResultsDirectory="546635ee-2101-4b80-a8f7-176c4e1f0589">
    </UnitTestResult>
    <UnitTestResult executionId="52b771d9-f0b0-44a9-bbed-ca7277535c0a" testId="fb20f93f-ac1d-bdac-90f8-b409b3174262" testName="ClubConstructorTest" computerName="SAVINIEN" duration="00:00:00.0001296" startTime="2013-03-04T20:29:42.0313544+01:00" endTime="2013-03-04T20:29:42.0342841+01:00" testType="13cdc9d9-ddb5-4fa4-a97d-d965ccfc6d4b" outcome="Passed" testListId="8c84fa94-04c1-424b-9868-57a2d4851a1d" relativeResultsDirectory="52b771d9-f0b0-44a9-bbed-ca7277535c0a">
    </UnitTestResult>
  </Results>
</TestRun>