<?xml version="1.0" encoding="UTF-8"?>
<TestRun id="23e409ab-47e7-4ef7-a285-5a03c1489808" name="Savinien Lucbereilh@SAVINIEN 2013-03-04 19:56:36" runUser="Savinien\Savinien Lucbereilh" xmlns="http://microsoft.com/schemas/VisualStudio/TeamTest/2010">
  <TestSettings name="Local" id="964a3fb8-e917-4ad7-862c-0ef62600ef40">
    <Description>Il s'agit des paramètres de test par défaut pour une série de tests locale.</Description>
    <Deployment enabled="false" runDeploymentRoot="Savinien Lucbereilh_SAVINIEN 2013-03-04 19_56_36">
      <DeploymentItem filename="C:\Users\Savinien Lucbereilh\Desktop\Atelier3\Lib\bin\Debug\Lib.dll" />
    </Deployment>
    <Execution>
      <TestTypeSpecific />
      <AgentRule name="Execution Agents">
      </AgentRule>
    </Execution>
  </TestSettings>
  <Times creation="2013-03-04T19:56:36.5485919+01:00" queuing="2013-03-04T19:56:36.5622157+01:00" start="2013-03-04T19:56:36.5680422+01:00" finish="2013-03-04T19:56:36.7877753+01:00" />
  <ResultSummary outcome="Failed">
    <Counters total="11" executed="11" passed="6" error="0" failed="1" timeout="0" aborted="0" inconclusive="4" passedButRunAborted="0" notRunnable="0" notExecuted="0" disconnected="0" warning="0" completed="0" inProgress="0" pending="0" />
  </ResultSummary>
  <TestDefinitions>
    <UnitTest name="ClubConstructorTest" storage="c:\users\savinien lucbereilh\desktop\atelier3\testlib\bin\debug\testlib.dll" id="fb20f93f-ac1d-bdac-90f8-b409b3174262">
      <Execution id="826c3ca0-9f08-4a0a-9d66-366a3ce86516" />
      <TestMethod codeBase="C:/Users/Savinien Lucbereilh/Desktop/Atelier3/TestLib/bin/Debug/TestLib.DLL" adapterTypeName="Microsoft.VisualStudio.TestTools.TestTypes.Unit.UnitTestAdapter, Microsoft.VisualStudio.QualityTools.Tips.UnitTest.Adapter, Version=10.0.0.0, Culture=neutral, PublicKeyToken=b03f5f7f11d50a3a" className="TestLib.ClubTest, TestLib, Version=1.0.0.0, Culture=neutral, PublicKeyToken=null" name="ClubConstructorTest" />
    </UnitTest>
    <UnitTest name="MatchConstructorTest" storage="c:\users\savinien lucbereilh\desktop\atelier3\testlib\bin\debug\testlib.dll" id="712b1bb1-36fa-ee91-72c9-ed3069e025e6">
      <Execution id="e7bb63d3-82b9-46f3-9d2e-9af2946d6abe" />
      <TestMethod codeBase="C:/Users/Savinien Lucbereilh/Desktop/Atelier3/TestLib/bin/Debug/TestLib.DLL" adapterTypeName="Microsoft.VisualStudio.TestTools.TestTypes.Unit.UnitTestAdapter, Microsoft.VisualStudio.QualityTools.Tips.UnitTest.Adapter, Version=10.0.0.0, Culture=neutral, PublicKeyToken=b03f5f7f11d50a3a" className="TestLib.MatchTest, TestLib, Version=1.0.0.0, Culture=neutral, PublicKeyToken=null" name="MatchConstructorTest" />
    </UnitTest>
    <UnitTest name="ToStringTest" storage="c:\users\savinien lucbereilh\desktop\atelier3\testlib\bin\debug\testlib.dll" id="8ccd64cc-b635-9759-0fd0-44c225be0f93">
      <Execution id="e2aa4882-1eba-4f03-a947-9a66c5d5a8f4" />
      <TestMethod codeBase="C:/Users/Savinien Lucbereilh/Desktop/Atelier3/TestLib/bin/Debug/TestLib.DLL" adapterTypeName="Microsoft.VisualStudio.TestTools.TestTypes.Unit.UnitTestAdapter, Microsoft.VisualStudio.QualityTools.Tips.UnitTest.Adapter, Version=10.0.0.0, Culture=neutral, PublicKeyToken=b03f5f7f11d50a3a" className="TestLib.ClubTest, TestLib, Version=1.0.0.0, Culture=neutral, PublicKeyToken=null" name="ToStringTest" />
    </UnitTest>
    <UnitTest name="AwayGoalsTest" storage="c:\users\savinien lucbereilh\desktop\atelier3\testlib\bin\debug\testlib.dll" id="194936c4-fe2b-2b9f-b4b2-066396265d61">
      <Execution id="ea8e3061-2743-4984-b10f-2901c67e012d" />
      <TestMethod codeBase="C:/Users/Savinien Lucbereilh/Desktop/Atelier3/TestLib/bin/Debug/TestLib.DLL" adapterTypeName="Microsoft.VisualStudio.TestTools.TestTypes.Unit.UnitTestAdapter, Microsoft.VisualStudio.QualityTools.Tips.UnitTest.Adapter, Version=10.0.0.0, Culture=neutral, PublicKeyToken=b03f5f7f11d50a3a" className="TestLib.MatchTest, TestLib, Version=1.0.0.0, Culture=neutral, PublicKeyToken=null" name="AwayGoalsTest" />
    </UnitTest>
    <UnitTest name="HomeGoalsTest" storage="c:\users\savinien lucbereilh\desktop\atelier3\testlib\bin\debug\testlib.dll" id="8f21de7f-e6ed-dea1-95c4-5748718260ef">
      <Execution id="f439b194-c290-4471-8529-a0fceaf4bc3b" />
      <TestMethod codeBase="C:/Users/Savinien Lucbereilh/Desktop/Atelier3/TestLib/bin/Debug/TestLib.DLL" adapterTypeName="Microsoft.VisualStudio.TestTools.TestTypes.Unit.UnitTestAdapter, Microsoft.VisualStudio.QualityTools.Tips.UnitTest.Adapter, Version=10.0.0.0, Culture=neutral, PublicKeyToken=b03f5f7f11d50a3a" className="TestLib.MatchTest, TestLib, Version=1.0.0.0, Culture=neutral, PublicKeyToken=null" name="HomeGoalsTest" />
    </UnitTest>
    <UnitTest name="IsAwayForfeitTest" storage="c:\users\savinien lucbereilh\desktop\atelier3\testlib\bin\debug\testlib.dll" id="b37b4a3e-f19e-d63a-58cf-b36a289255bd">
      <Execution id="9b4a0049-e35f-4ac3-b7cc-5765f164a5a7" />
      <TestMethod codeBase="C:/Users/Savinien Lucbereilh/Desktop/Atelier3/TestLib/bin/Debug/TestLib.DLL" adapterTypeName="Microsoft.VisualStudio.TestTools.TestTypes.Unit.UnitTestAdapter, Microsoft.VisualStudio.QualityTools.Tips.UnitTest.Adapter, Version=10.0.0.0, Culture=neutral, PublicKeyToken=b03f5f7f11d50a3a" className="TestLib.MatchTest, TestLib, Version=1.0.0.0, Culture=neutral, PublicKeyToken=null" name="IsAwayForfeitTest" />
    </UnitTest>
    <UnitTest name="isDrawTest" storage="c:\users\savinien lucbereilh\desktop\atelier3\testlib\bin\debug\testlib.dll" id="f1c00562-9ca6-f0a2-2ac5-2229cd1f8c73">
      <Execution id="477e71e9-9e81-4c18-b015-1e4953d66f78" />
      <TestMethod codeBase="C:/Users/Savinien Lucbereilh/Desktop/Atelier3/TestLib/bin/Debug/TestLib.DLL" adapterTypeName="Microsoft.VisualStudio.TestTools.TestTypes.Unit.UnitTestAdapter, Microsoft.VisualStudio.QualityTools.Tips.UnitTest.Adapter, Version=10.0.0.0, Culture=neutral, PublicKeyToken=b03f5f7f11d50a3a" className="TestLib.MatchTest, TestLib, Version=1.0.0.0, Culture=neutral, PublicKeyToken=null" name="isDrawTest" />
    </UnitTest>
    <UnitTest name="isHomeForfaitTest" storage="c:\users\savinien lucbereilh\desktop\atelier3\testlib\bin\debug\testlib.dll" id="15aa387b-d797-9a10-ac96-f9f5828fde23">
      <Execution id="043bf86b-e709-4cb6-9113-2765e128ca5c" />
      <TestMethod codeBase="C:/Users/Savinien Lucbereilh/Desktop/Atelier3/TestLib/bin/Debug/TestLib.DLL" adapterTypeName="Microsoft.VisualStudio.TestTools.TestTypes.Unit.UnitTestAdapter, Microsoft.VisualStudio.QualityTools.Tips.UnitTest.Adapter, Version=10.0.0.0, Culture=neutral, PublicKeyToken=b03f5f7f11d50a3a" className="TestLib.MatchTest, TestLib, Version=1.0.0.0, Culture=neutral, PublicKeyToken=null" name="isHomeForfaitTest" />
    </UnitTest>
    <UnitTest name="HomeTest" storage="c:\users\savinien lucbereilh\desktop\atelier3\testlib\bin\debug\testlib.dll" id="cf74f09b-0c62-461e-813a-423683b12a7e">
      <Execution id="e5c79dad-f5b5-4381-bfb2-267f91be0897" />
      <TestMethod codeBase="C:/Users/Savinien Lucbereilh/Desktop/Atelier3/TestLib/bin/Debug/TestLib.DLL" adapterTypeName="Microsoft.VisualStudio.TestTools.TestTypes.Unit.UnitTestAdapter, Microsoft.VisualStudio.QualityTools.Tips.UnitTest.Adapter, Version=10.0.0.0, Culture=neutral, PublicKeyToken=b03f5f7f11d50a3a" className="TestLib.MatchTest, TestLib, Version=1.0.0.0, Culture=neutral, PublicKeyToken=null" name="HomeTest" />
    </UnitTest>
    <UnitTest name="MatchConstructorTest1" storage="c:\users\savinien lucbereilh\desktop\atelier3\testlib\bin\debug\testlib.dll" id="60f2211b-2c11-d413-6cbd-8c9306c8eb14">
      <Execution id="0baf1c7c-8c0f-4ec0-93c5-186c0db69fe2" />
      <TestMethod codeBase="C:/Users/Savinien Lucbereilh/Desktop/Atelier3/TestLib/bin/Debug/TestLib.DLL" adapterTypeName="Microsoft.VisualStudio.TestTools.TestTypes.Unit.UnitTestAdapter, Microsoft.VisualStudio.QualityTools.Tips.UnitTest.Adapter, Version=10.0.0.0, Culture=neutral, PublicKeyToken=b03f5f7f11d50a3a" className="TestLib.MatchTest, TestLib, Version=1.0.0.0, Culture=neutral, PublicKeyToken=null" name="MatchConstructorTest1" />
    </UnitTest>
    <UnitTest name="AwayTest" storage="c:\users\savinien lucbereilh\desktop\atelier3\testlib\bin\debug\testlib.dll" id="1ed9e0b8-b917-981f-1adf-4d3988eb679a">
      <Execution id="36355f1f-c353-4dd6-9018-9b059de1eeab" />
      <TestMethod codeBase="C:/Users/Savinien Lucbereilh/Desktop/Atelier3/TestLib/bin/Debug/TestLib.DLL" adapterTypeName="Microsoft.VisualStudio.TestTools.TestTypes.Unit.UnitTestAdapter, Microsoft.VisualStudio.QualityTools.Tips.UnitTest.Adapter, Version=10.0.0.0, Culture=neutral, PublicKeyToken=b03f5f7f11d50a3a" className="TestLib.MatchTest, TestLib, Version=1.0.0.0, Culture=neutral, PublicKeyToken=null" name="AwayTest" />
    </UnitTest>
  </TestDefinitions>
  <TestLists>
    <TestList name="Les résultats ne figurent pas dans une liste" id="8c84fa94-04c1-424b-9868-57a2d4851a1d" />
    <TestList name="Tous les résultats chargés" id="19431567-8539-422a-85d7-44ee4e166bda" />
  </TestLists>
  <TestEntries>
    <TestEntry testId="15aa387b-d797-9a10-ac96-f9f5828fde23" executionId="043bf86b-e709-4cb6-9113-2765e128ca5c" testListId="8c84fa94-04c1-424b-9868-57a2d4851a1d" />
    <TestEntry testId="194936c4-fe2b-2b9f-b4b2-066396265d61" executionId="ea8e3061-2743-4984-b10f-2901c67e012d" testListId="8c84fa94-04c1-424b-9868-57a2d4851a1d" />
    <TestEntry testId="1ed9e0b8-b917-981f-1adf-4d3988eb679a" executionId="36355f1f-c353-4dd6-9018-9b059de1eeab" testListId="8c84fa94-04c1-424b-9868-57a2d4851a1d" />
    <TestEntry testId="60f2211b-2c11-d413-6cbd-8c9306c8eb14" executionId="0baf1c7c-8c0f-4ec0-93c5-186c0db69fe2" testListId="8c84fa94-04c1-424b-9868-57a2d4851a1d" />
    <TestEntry testId="712b1bb1-36fa-ee91-72c9-ed3069e025e6" executionId="e7bb63d3-82b9-46f3-9d2e-9af2946d6abe" testListId="8c84fa94-04c1-424b-9868-57a2d4851a1d" />
    <TestEntry testId="8ccd64cc-b635-9759-0fd0-44c225be0f93" executionId="e2aa4882-1eba-4f03-a947-9a66c5d5a8f4" testListId="8c84fa94-04c1-424b-9868-57a2d4851a1d" />
    <TestEntry testId="8f21de7f-e6ed-dea1-95c4-5748718260ef" executionId="f439b194-c290-4471-8529-a0fceaf4bc3b" testListId="8c84fa94-04c1-424b-9868-57a2d4851a1d" />
    <TestEntry testId="b37b4a3e-f19e-d63a-58cf-b36a289255bd" executionId="9b4a0049-e35f-4ac3-b7cc-5765f164a5a7" testListId="8c84fa94-04c1-424b-9868-57a2d4851a1d" />
    <TestEntry testId="cf74f09b-0c62-461e-813a-423683b12a7e" executionId="e5c79dad-f5b5-4381-bfb2-267f91be0897" testListId="8c84fa94-04c1-424b-9868-57a2d4851a1d" />
    <TestEntry testId="f1c00562-9ca6-f0a2-2ac5-2229cd1f8c73" executionId="477e71e9-9e81-4c18-b015-1e4953d66f78" testListId="8c84fa94-04c1-424b-9868-57a2d4851a1d" />
    <TestEntry testId="fb20f93f-ac1d-bdac-90f8-b409b3174262" executionId="826c3ca0-9f08-4a0a-9d66-366a3ce86516" testListId="8c84fa94-04c1-424b-9868-57a2d4851a1d" />
  </TestEntries>
  <Results>
    <UnitTestResult executionId="043bf86b-e709-4cb6-9113-2765e128ca5c" testId="15aa387b-d797-9a10-ac96-f9f5828fde23" testName="isHomeForfaitTest" computerName="SAVINIEN" duration="00:00:00.0129060" startTime="2013-03-04T19:56:36.5709722+01:00" endTime="2013-03-04T19:56:36.7135544+01:00" testType="13cdc9d9-ddb5-4fa4-a97d-d965ccfc6d4b" outcome="Passed" testListId="8c84fa94-04c1-424b-9868-57a2d4851a1d" relativeResultsDirectory="043bf86b-e709-4cb6-9113-2765e128ca5c">
    </UnitTestResult>
    <UnitTestResult executionId="ea8e3061-2743-4984-b10f-2901c67e012d" testId="194936c4-fe2b-2b9f-b4b2-066396265d61" testName="AwayGoalsTest" computerName="SAVINIEN" duration="00:00:00.0003227" startTime="2013-03-04T19:56:36.7155077+01:00" endTime="2013-03-04T19:56:36.7184374+01:00" testType="13cdc9d9-ddb5-4fa4-a97d-d965ccfc6d4b" outcome="Passed" testListId="8c84fa94-04c1-424b-9868-57a2d4851a1d" relativeResultsDirectory="ea8e3061-2743-4984-b10f-2901c67e012d">
    </UnitTestResult>
    <UnitTestResult executionId="36355f1f-c353-4dd6-9018-9b059de1eeab" testId="1ed9e0b8-b917-981f-1adf-4d3988eb679a" testName="AwayTest" computerName="SAVINIEN" duration="00:00:00.0003177" startTime="2013-03-04T19:56:36.7203904+01:00" endTime="2013-03-04T19:56:36.7233292+01:00" testType="13cdc9d9-ddb5-4fa4-a97d-d965ccfc6d4b" outcome="Passed" testListId="8c84fa94-04c1-424b-9868-57a2d4851a1d" relativeResultsDirectory="36355f1f-c353-4dd6-9018-9b059de1eeab">
    </UnitTestResult>
    <UnitTestResult executionId="0baf1c7c-8c0f-4ec0-93c5-186c0db69fe2" testId="60f2211b-2c11-d413-6cbd-8c9306c8eb14" testName="MatchConstructorTest1" computerName="SAVINIEN" duration="00:00:00.0002653" startTime="2013-03-04T19:56:36.7243422+01:00" endTime="2013-03-04T19:56:36.7272271+01:00" testType="13cdc9d9-ddb5-4fa4-a97d-d965ccfc6d4b" outcome="Passed" testListId="8c84fa94-04c1-424b-9868-57a2d4851a1d" relativeResultsDirectory="0baf1c7c-8c0f-4ec0-93c5-186c0db69fe2">
    </UnitTestResult>
    <UnitTestResult executionId="e7bb63d3-82b9-46f3-9d2e-9af2946d6abe" testId="712b1bb1-36fa-ee91-72c9-ed3069e025e6" testName="MatchConstructorTest" computerName="SAVINIEN" duration="00:00:00.0002688" startTime="2013-03-04T19:56:36.7282034+01:00" endTime="2013-03-04T19:56:36.7311679+01:00" testType="13cdc9d9-ddb5-4fa4-a97d-d965ccfc6d4b" outcome="Passed" testListId="8c84fa94-04c1-424b-9868-57a2d4851a1d" relativeResultsDirectory="e7bb63d3-82b9-46f3-9d2e-9af2946d6abe">
    </UnitTestResult>
    <UnitTestResult executionId="e2aa4882-1eba-4f03-a947-9a66c5d5a8f4" testId="8ccd64cc-b635-9759-0fd0-44c225be0f93" testName="ToStringTest" computerName="SAVINIEN" duration="00:00:00.0002680" startTime="2013-03-04T19:56:36.7330861+01:00" endTime="2013-03-04T19:56:36.7350750+01:00" testType="13cdc9d9-ddb5-4fa4-a97d-d965ccfc6d4b" outcome="Passed" testListId="8c84fa94-04c1-424b-9868-57a2d4851a1d" relativeResultsDirectory="e2aa4882-1eba-4f03-a947-9a66c5d5a8f4">
    </UnitTestResult>
    <UnitTestResult executionId="f439b194-c290-4471-8529-a0fceaf4bc3b" testId="8f21de7f-e6ed-dea1-95c4-5748718260ef" testName="HomeGoalsTest" computerName="SAVINIEN" duration="00:00:00.0071316" startTime="2013-03-04T19:56:36.7369928+01:00" endTime="2013-03-04T19:56:36.7467589+01:00" testType="13cdc9d9-ddb5-4fa4-a97d-d965ccfc6d4b" outcome="Inconclusive" testListId="8c84fa94-04c1-424b-9868-57a2d4851a1d" relativeResultsDirectory="f439b194-c290-4471-8529-a0fceaf4bc3b">
      <Output>
        <ErrorInfo>
          <Message>Échec de Assert.Inconclusive. Vérifiez l'exactitude de cette méthode de test.</Message>
          <StackTrace>   à TestLib.MatchTest.HomeGoalsTest() dans C:\Users\Savinien Lucbereilh\Desktop\Atelier3\TestLib\MatchTest.cs:ligne 164
</StackTrace>
        </ErrorInfo>
      </Output>
    </UnitTestResult>
    <UnitTestResult executionId="9b4a0049-e35f-4ac3-b7cc-5765f164a5a7" testId="b37b4a3e-f19e-d63a-58cf-b36a289255bd" testName="IsAwayForfeitTest" computerName="SAVINIEN" duration="00:00:00.0005992" startTime="2013-03-04T19:56:36.7487122+01:00" endTime="2013-03-04T19:56:36.7526186+01:00" testType="13cdc9d9-ddb5-4fa4-a97d-d965ccfc6d4b" outcome="Inconclusive" testListId="8c84fa94-04c1-424b-9868-57a2d4851a1d" relativeResultsDirectory="9b4a0049-e35f-4ac3-b7cc-5765f164a5a7">
      <Output>
        <ErrorInfo>
          <Message>Échec de Assert.Inconclusive. Vérifiez l'exactitude de cette méthode de test.</Message>
          <StackTrace>   à TestLib.MatchTest.IsAwayForfeitTest() dans C:\Users\Savinien Lucbereilh\Desktop\Atelier3\TestLib\MatchTest.cs:ligne 179
</StackTrace>
        </ErrorInfo>
      </Output>
    </UnitTestResult>
    <UnitTestResult executionId="e5c79dad-f5b5-4381-bfb2-267f91be0897" testId="cf74f09b-0c62-461e-813a-423683b12a7e" testName="HomeTest" computerName="SAVINIEN" duration="00:00:00.0005170" startTime="2013-03-04T19:56:36.7545716+01:00" endTime="2013-03-04T19:56:36.7575318+01:00" testType="13cdc9d9-ddb5-4fa4-a97d-d965ccfc6d4b" outcome="Inconclusive" testListId="8c84fa94-04c1-424b-9868-57a2d4851a1d" relativeResultsDirectory="e5c79dad-f5b5-4381-bfb2-267f91be0897">
      <Output>
        <ErrorInfo>
          <Message>Échec de Assert.Inconclusive. Vérifiez l'exactitude de cette méthode de test.</Message>
          <StackTrace>   à TestLib.MatchTest.HomeTest() dans C:\Users\Savinien Lucbereilh\Desktop\Atelier3\TestLib\MatchTest.cs:ligne 149
</StackTrace>
        </ErrorInfo>
      </Output>
    </UnitTestResult>
    <UnitTestResult executionId="477e71e9-9e81-4c18-b015-1e4953d66f78" testId="f1c00562-9ca6-f0a2-2ac5-2229cd1f8c73" testName="isDrawTest" computerName="SAVINIEN" duration="00:00:00.0101010" startTime="2013-03-04T19:56:36.7594546+01:00" endTime="2013-03-04T19:56:36.7721797+01:00" testType="13cdc9d9-ddb5-4fa4-a97d-d965ccfc6d4b" outcome="Failed" testListId="8c84fa94-04c1-424b-9868-57a2d4851a1d" relativeResultsDirectory="477e71e9-9e81-4c18-b015-1e4953d66f78">
      <Output>
        <ErrorInfo>
          <Message>La méthode de test TestLib.MatchTest.isDrawTest a levé une exception : 
System.NotImplementedException: La méthode ou l'opération n'est pas implémentée.</Message>
          <StackTrace>    à Lib.Match.get_IsDraw() dans C:\Users\Savinien Lucbereilh\Desktop\Atelier3\Lib\Match.cs:ligne 83
   à TestLib.MatchTest.isDrawTest() dans C:\Users\Savinien Lucbereilh\Desktop\Atelier3\TestLib\MatchTest.cs:ligne 193
</StackTrace>
        </ErrorInfo>
      </Output>
    </UnitTestResult>
    <UnitTestResult executionId="826c3ca0-9f08-4a0a-9d66-366a3ce86516" testId="fb20f93f-ac1d-bdac-90f8-b409b3174262" testName="ClubConstructorTest" computerName="SAVINIEN" duration="00:00:00.0005556" startTime="2013-03-04T19:56:36.7741029+01:00" endTime="2013-03-04T19:56:36.7770326+01:00" testType="13cdc9d9-ddb5-4fa4-a97d-d965ccfc6d4b" outcome="Inconclusive" testListId="8c84fa94-04c1-424b-9868-57a2d4851a1d" relativeResultsDirectory="826c3ca0-9f08-4a0a-9d66-366a3ce86516">
      <Output>
        <ErrorInfo>
          <Message>Échec de Assert.Inconclusive. TODO: implémentez le code pour vérifier la cible</Message>
          <StackTrace>   à TestLib.ClubTest.ClubConstructorTest() dans C:\Users\Savinien Lucbereilh\Desktop\Atelier3\TestLib\ClubTest.cs:ligne 75
</StackTrace>
        </ErrorInfo>
      </Output>
    </UnitTestResult>
  </Results>
</TestRun>