<?xml version="1.0" encoding="UTF-8"?>
<TestRun id="4859931b-5525-45fe-9031-d6f50655475b" name="tbenchek@FR-33-01-12-062 2013-03-11 14:43:17" runUser="SOR\tbenchek" xmlns="http://microsoft.com/schemas/VisualStudio/TeamTest/2010">
  <TestSettings name="Local" id="964a3fb8-e917-4ad7-862c-0ef62600ef40">
    <Description>Il s'agit des paramètres de test par défaut pour une série de tests locale.</Description>
    <Deployment enabled="false" runDeploymentRoot="tbenchek_FR-33-01-12-062 2013-03-11 14_43_17">
      <DeploymentItem filename="D:\utilisateurs\tbenchek\Desktop\Atelier3\Atelier3\Lib\bin\Debug\Lib.dll" />
      <DeploymentItem filename="D:\utilisateurs\tbenchek\Desktop\Atelier3\Atelier3\Atelier3\bin\Debug\Atelier3.exe" />
      <DeploymentItem filename="D:\utilisateurs\tbenchek\Desktop\Atelier3\Atelier3\SoccerRankingLib\bin\Debug\SoccerRankingLib.dll" />
    </Deployment>
    <Execution>
      <TestTypeSpecific />
      <AgentRule name="Execution Agents">
      </AgentRule>
    </Execution>
  </TestSettings>
  <Times creation="2013-03-11T14:43:17.2588353+01:00" queuing="2013-03-11T14:43:17.2988341+01:00" start="2013-03-11T14:43:17.2988341+01:00" finish="2013-03-11T14:43:17.4788287+01:00" />
  <ResultSummary outcome="Completed">
    <Counters total="1" executed="1" passed="1" error="0" failed="0" timeout="0" aborted="0" inconclusive="0" passedButRunAborted="0" notRunnable="0" notExecuted="0" disconnected="0" warning="0" completed="0" inProgress="0" pending="0" />
  </ResultSummary>
  <TestDefinitions>
    <UnitTest name="CompareToTest" storage="d:\utilisateurs\tbenchek\desktop\atelier3\atelier3\frenchleaguetest\bin\debug\frenchleaguetest.dll" id="7d29269b-8409-51cd-5f17-ede6bd48c530">
      <Execution id="a183bc09-1451-47cc-9f73-b392f42fec1f" />
      <TestMethod codeBase="D:/utilisateurs/tbenchek/Desktop/Atelier3/Atelier3/FrenchLeagueTest/bin/Debug/FrenchLeagueTest.DLL" adapterTypeName="Microsoft.VisualStudio.TestTools.TestTypes.Unit.UnitTestAdapter, Microsoft.VisualStudio.QualityTools.Tips.UnitTest.Adapter, Version=10.0.0.0, Culture=neutral, PublicKeyToken=b03f5f7f11d50a3a" className="FrenchLeagueTest.FrenchLeague1PointSystem_PointTotalTest, FrenchLeagueTest, Version=1.0.0.0, Culture=neutral, PublicKeyToken=null" name="CompareToTest" />
    </UnitTest>
  </TestDefinitions>
  <TestLists>
    <TestList name="Results Not in a List" id="8c84fa94-04c1-424b-9868-57a2d4851a1d" />
    <TestList name="All Loaded Results" id="19431567-8539-422a-85d7-44ee4e166bda" />
  </TestLists>
  <TestEntries>
    <TestEntry testId="7d29269b-8409-51cd-5f17-ede6bd48c530" executionId="a183bc09-1451-47cc-9f73-b392f42fec1f" testListId="8c84fa94-04c1-424b-9868-57a2d4851a1d" />
  </TestEntries>
  <Results>
    <UnitTestResult executionId="a183bc09-1451-47cc-9f73-b392f42fec1f" testId="7d29269b-8409-51cd-5f17-ede6bd48c530" testName="CompareToTest" computerName="FR-33-01-12-062" duration="00:00:00.0103643" startTime="2013-03-11T14:43:17.2988341+01:00" endTime="2013-03-11T14:43:17.4688290+01:00" testType="13cdc9d9-ddb5-4fa4-a97d-d965ccfc6d4b" outcome="Passed" testListId="8c84fa94-04c1-424b-9868-57a2d4851a1d" relativeResultsDirectory="a183bc09-1451-47cc-9f73-b392f42fec1f">
    </UnitTestResult>
  </Results>
</TestRun>