<?xml version="1.0" encoding="UTF-8"?>
<TestRun id="b97788ed-3304-4e22-9dbe-89aca9ae454a" name="tbenchek@FR-33-01-12-062 2013-03-11 15:46:56" runUser="SOR\tbenchek" xmlns="http://microsoft.com/schemas/VisualStudio/TeamTest/2010">
  <TestSettings name="Local" id="964a3fb8-e917-4ad7-862c-0ef62600ef40">
    <Description>Il s'agit des paramètres de test par défaut pour une série de tests locale.</Description>
    <Deployment enabled="false" runDeploymentRoot="tbenchek_FR-33-01-12-062 2013-03-11 15_46_56">
      <DeploymentItem filename="D:\utilisateurs\tbenchek\Desktop\Atelier3\Atelier3\Lib\bin\Debug\Lib.dll" />
      <DeploymentItem filename="D:\utilisateurs\tbenchek\Desktop\Atelier3\Atelier3\Atelier3\bin\Debug\Atelier3.exe" />
      <DeploymentItem filename="D:\utilisateurs\tbenchek\Desktop\Atelier3\Atelier3\SoccerRankingLib\bin\Debug\SoccerRankingLib.dll" />
    </Deployment>
    <Execution>
      <TestTypeSpecific />
      <AgentRule name="Execution Agents">
      </AgentRule>
    </Execution>
  </TestSettings>
  <Times creation="2013-03-11T15:46:56.5541883+01:00" queuing="2013-03-11T15:46:56.5841874+01:00" start="2013-03-11T15:46:56.5941871+01:00" finish="2013-03-11T15:46:56.7741817+01:00" />
  <ResultSummary outcome="Completed">
    <Counters total="1" executed="1" passed="1" error="0" failed="0" timeout="0" aborted="0" inconclusive="0" passedButRunAborted="0" notRunnable="0" notExecuted="0" disconnected="0" warning="0" completed="0" inProgress="0" pending="0" />
  </ResultSummary>
  <TestDefinitions>
    <UnitTest name="InstanceTest" storage="d:\utilisateurs\tbenchek\desktop\atelier3\atelier3\frenchleaguetest\bin\debug\frenchleaguetest.dll" id="e997e89f-756b-48be-4ab1-f0802423396a">
      <Execution id="a2bf0be0-3e80-4d5f-af80-7b338fcae320" />
      <TestMethod codeBase="D:/utilisateurs/tbenchek/Desktop/Atelier3/Atelier3/FrenchLeagueTest/bin/Debug/FrenchLeagueTest.DLL" adapterTypeName="Microsoft.VisualStudio.TestTools.TestTypes.Unit.UnitTestAdapter, Microsoft.VisualStudio.QualityTools.Tips.UnitTest.Adapter, Version=10.0.0.0, Culture=neutral, PublicKeyToken=b03f5f7f11d50a3a" className="FrenchLeagueTest.FrenchLeague1PointSystemTest, FrenchLeagueTest, Version=1.0.0.0, Culture=neutral, PublicKeyToken=null" name="InstanceTest" />
    </UnitTest>
  </TestDefinitions>
  <TestLists>
    <TestList name="Results Not in a List" id="8c84fa94-04c1-424b-9868-57a2d4851a1d" />
    <TestList name="All Loaded Results" id="19431567-8539-422a-85d7-44ee4e166bda" />
  </TestLists>
  <TestEntries>
    <TestEntry testId="e997e89f-756b-48be-4ab1-f0802423396a" executionId="a2bf0be0-3e80-4d5f-af80-7b338fcae320" testListId="8c84fa94-04c1-424b-9868-57a2d4851a1d" />
  </TestEntries>
  <Results>
    <UnitTestResult executionId="a2bf0be0-3e80-4d5f-af80-7b338fcae320" testId="e997e89f-756b-48be-4ab1-f0802423396a" testName="InstanceTest" computerName="FR-33-01-12-062" duration="00:00:00.0107953" startTime="2013-03-11T15:46:56.5941871+01:00" endTime="2013-03-11T15:46:56.7641820+01:00" testType="13cdc9d9-ddb5-4fa4-a97d-d965ccfc6d4b" outcome="Passed" testListId="8c84fa94-04c1-424b-9868-57a2d4851a1d" relativeResultsDirectory="a2bf0be0-3e80-4d5f-af80-7b338fcae320">
    </UnitTestResult>
  </Results>
</TestRun>