<?xml version="1.0" encoding="UTF-8"?>
<TestRun id="10030cf0-7d76-4e9f-af60-0ca5b401b61d" name="tbenchek@FR-33-01-12-062 2013-03-11 14:12:00" runUser="SOR\tbenchek" xmlns="http://microsoft.com/schemas/VisualStudio/TeamTest/2010">
  <TestSettings name="Local" id="964a3fb8-e917-4ad7-862c-0ef62600ef40">
    <Description>Il s'agit des paramètres de test par défaut pour une série de tests locale.</Description>
    <Deployment enabled="false" runDeploymentRoot="tbenchek_FR-33-01-12-062 2013-03-11 14_12_00">
      <DeploymentItem filename="D:\utilisateurs\tbenchek\Desktop\Atelier3\Atelier3\Lib\bin\Debug\Lib.dll" />
      <DeploymentItem filename="D:\utilisateurs\tbenchek\Desktop\Atelier3\Atelier3\Atelier3\bin\Debug\Atelier3.exe" />
      <DeploymentItem filename="D:\utilisateurs\tbenchek\Desktop\Atelier3\Atelier3\SoccerRankingLib\bin\Debug\SoccerRankingLib.dll" />
    </Deployment>
    <Execution>
      <TestTypeSpecific />
      <AgentRule name="Execution Agents">
      </AgentRule>
    </Execution>
  </TestSettings>
  <Times creation="2013-03-11T14:12:00.7730199+01:00" queuing="2013-03-11T14:12:00.8070199+01:00" start="2013-03-11T14:12:00.8100199+01:00" finish="2013-03-11T14:12:01.0120199+01:00" />
  <ResultSummary outcome="Failed">
    <Counters total="1" executed="1" error="0" failed="1" timeout="0" aborted="0" inconclusive="0" passedButRunAborted="0" notRunnable="0" notExecuted="0" disconnected="0" warning="0" passed="0" completed="0" inProgress="0" pending="0" />
  </ResultSummary>
  <TestDefinitions>
    <UnitTest name="GetPointsFromMatchTest" storage="d:\utilisateurs\tbenchek\desktop\atelier3\atelier3\frenchleaguetest\bin\debug\frenchleaguetest.dll" id="e62e383d-4e73-7eaf-4470-9b9244b097ff">
      <Execution id="a44d980b-5d5b-44db-a754-a5e4d8d902b4" />
      <TestMethod codeBase="D:/utilisateurs/tbenchek/Desktop/Atelier3/Atelier3/FrenchLeagueTest/bin/Debug/FrenchLeagueTest.DLL" adapterTypeName="Microsoft.VisualStudio.TestTools.TestTypes.Unit.UnitTestAdapter, Microsoft.VisualStudio.QualityTools.Tips.UnitTest.Adapter, Version=10.0.0.0, Culture=neutral, PublicKeyToken=b03f5f7f11d50a3a" className="FrenchLeagueTest.FrenchLeague1PointSystemTest, FrenchLeagueTest, Version=1.0.0.0, Culture=neutral, PublicKeyToken=null" name="GetPointsFromMatchTest" />
    </UnitTest>
  </TestDefinitions>
  <TestLists>
    <TestList name="Results Not in a List" id="8c84fa94-04c1-424b-9868-57a2d4851a1d" />
    <TestList name="All Loaded Results" id="19431567-8539-422a-85d7-44ee4e166bda" />
  </TestLists>
  <TestEntries>
    <TestEntry testId="e62e383d-4e73-7eaf-4470-9b9244b097ff" executionId="a44d980b-5d5b-44db-a754-a5e4d8d902b4" testListId="8c84fa94-04c1-424b-9868-57a2d4851a1d" />
  </TestEntries>
  <Results>
    <UnitTestResult executionId="a44d980b-5d5b-44db-a754-a5e4d8d902b4" testId="e62e383d-4e73-7eaf-4470-9b9244b097ff" testName="GetPointsFromMatchTest" computerName="FR-33-01-12-062" duration="00:00:00.0268990" startTime="2013-03-11T14:12:00.8140199+01:00" endTime="2013-03-11T14:12:01.0030199+01:00" testType="13cdc9d9-ddb5-4fa4-a97d-d965ccfc6d4b" outcome="Failed" testListId="8c84fa94-04c1-424b-9868-57a2d4851a1d" relativeResultsDirectory="a44d980b-5d5b-44db-a754-a5e4d8d902b4">
      <Output>
        <ErrorInfo>
          <Message>Assert.AreEqual failed. Expected:&lt;SoccerRankingLib.FrenchLeague1PointSystem+PointTotal&gt;. Actual:&lt;SoccerRankingLib.FrenchLeague1PointSystem+PointTotal&gt;. </Message>
          <StackTrace>   à FrenchLeagueTest.FrenchLeague1PointSystemTest.GetPointsFromMatchTest() dans D:\utilisateurs\tbenchek\Desktop\Atelier3\Atelier3\FrenchLeagueTest\FrenchLeague1PointSystemTest.cs:ligne 83
</StackTrace>
        </ErrorInfo>
      </Output>
    </UnitTestResult>
  </Results>
</TestRun>